#
# There is insufficient memory for the Java Runtime Environment to continue.
# Native memory allocation (malloc) failed to allocate 528176 bytes for Chunk::new
# Possible reasons:
#   The system is out of physical RAM or swap space
#   The process is running with CompressedOops enabled, and the Java Heap may be blocking the growth of the native heap
# Possible solutions:
#   Reduce memory load on the system
#   Increase physical memory or swap space
#   Check if swap backing store is full
#   Decrease Java heap size (-Xmx/-Xms)
#   Decrease number of Java threads
#   Decrease Java thread stack sizes (-Xss)
#   Set larger code cache with -XX:ReservedCodeCacheSize=
#   JVM is running with Unscaled Compressed Oops mode in which the Java heap is
#     placed in the first 4GB address space. The Java Heap base address is the
#     maximum limit for the native heap growth. Please use -XX:HeapBaseMinAddress
#     to set the Java Heap base and to place the Java Heap above 4GB virtual address.
# This output file may be truncated or incomplete.
#
#  Out of Memory Error (t:/workspace/open/src/hotspot/share/memory/arena.cpp:197), pid=2668, tid=12948
#
# JRE version: Java(TM) SE Runtime Environment (11.0.5+10) (build 11.0.5+10-LTS)
# Java VM: Java HotSpot(TM) 64-Bit Server VM (11.0.5+10-LTS, mixed mode, tiered, compressed oops, g1 gc, windows-amd64)
# No core dump will be written. Minidumps are not enabled by default on client versions of Windows
#

---------------  S U M M A R Y ------------

Command Line: com.mycompany.shopcoffee.Coffee

Host: AMD Ryzen 5 3550H with Radeon Vega Mobile Gfx  , 8 cores, 5G,  Windows 10 , 64 bit Build 17763 (10.0.17763.475)
Time: Wed Mar 18 22:27:11 2020 SE Asia Standard Time elapsed time: 0 seconds (0d 0h 0m 0s)

---------------  T H R E A D  ---------------

Current thread (0x000001f32645c000):  JavaThread "C2 CompilerThread1" daemon [_thread_in_native, id=12948, stack(0x0000009bcb300000,0x0000009bcb400000)]


Current CompileTask:
C2:    524  804       4       java.lang.invoke.MethodType::makeImpl (108 bytes)

Stack: [0x0000009bcb300000,0x0000009bcb400000]
Native frames: (J=compiled Java code, j=interpreted, Vv=VM code, C=native code)
V  [jvm.dll+0x63611a]
V  [jvm.dll+0x77426f]
V  [jvm.dll+0x77591a]
V  [jvm.dll+0x775fd3]
V  [jvm.dll+0x25e608]
V  [jvm.dll+0xc1f31]
V  [jvm.dll+0xc24bc]
V  [jvm.dll+0x36dae2]
V  [jvm.dll+0x33ab93]
V  [jvm.dll+0x339f6a]
V  [jvm.dll+0x218485]
V  [jvm.dll+0x21762a]
V  [jvm.dll+0x1941bc]
V  [jvm.dll+0x226684]
V  [jvm.dll+0x224c78]
V  [jvm.dll+0x7396cd]
V  [jvm.dll+0x6351c2]
C  [ucrtbase.dll+0x21ffa]
C  [KERNEL32.DLL+0x17974]
C  [ntdll.dll+0x6a261]


---------------  P R O C E S S  ---------------

Threads class SMR info:
_java_thread_list=0x000001f326288920, length=15, elements={
0x000001f32546a000, 0x000001f32546d000, 0x000001f325e03000, 0x000001f325491800,
0x000001f325493800, 0x000001f325494800, 0x000001f325499000, 0x000001f325f4c000,
0x000001f325f55000, 0x000001f326273800, 0x000001f326279800, 0x000001f3262d0000,
0x000001f32645c000, 0x000001f3279cc800, 0x000001f307af6000
}

Java Threads: ( => current thread )
  0x000001f32546a000 JavaThread "Reference Handler" daemon [_thread_blocked, id=9848, stack(0x0000009bca600000,0x0000009bca700000)]
  0x000001f32546d000 JavaThread "Finalizer" daemon [_thread_blocked, id=4708, stack(0x0000009bca700000,0x0000009bca800000)]
  0x000001f325e03000 JavaThread "Signal Dispatcher" daemon [_thread_blocked, id=4436, stack(0x0000009bca800000,0x0000009bca900000)]
  0x000001f325491800 JavaThread "Attach Listener" daemon [_thread_blocked, id=10204, stack(0x0000009bca900000,0x0000009bcaa00000)]
  0x000001f325493800 JavaThread "C2 CompilerThread0" daemon [_thread_in_native, id=3940, stack(0x0000009bcaa00000,0x0000009bcab00000)]
  0x000001f325494800 JavaThread "C1 CompilerThread0" daemon [_thread_in_native, id=11500, stack(0x0000009bcab00000,0x0000009bcac00000)]
  0x000001f325499000 JavaThread "Sweeper thread" daemon [_thread_blocked, id=9400, stack(0x0000009bcac00000,0x0000009bcad00000)]
  0x000001f325f4c000 JavaThread "Service Thread" daemon [_thread_blocked, id=1840, stack(0x0000009bcad00000,0x0000009bcae00000)]
  0x000001f325f55000 JavaThread "Common-Cleaner" daemon [_thread_blocked, id=12984, stack(0x0000009bcaf00000,0x0000009bcb000000)]
  0x000001f326273800 JavaThread "Java2D Disposer" daemon [_thread_blocked, id=12988, stack(0x0000009bcb000000,0x0000009bcb100000)]
  0x000001f326279800 JavaThread "AWT-Shutdown" [_thread_blocked, id=12536, stack(0x0000009bcb100000,0x0000009bcb200000)]
  0x000001f3262d0000 JavaThread "AWT-Windows" daemon [_thread_in_native, id=13156, stack(0x0000009bcb200000,0x0000009bcb300000)]
=>0x000001f32645c000 JavaThread "C2 CompilerThread1" daemon [_thread_in_native, id=12948, stack(0x0000009bcb300000,0x0000009bcb400000)]
  0x000001f3279cc800 JavaThread "AWT-EventQueue-0" [_thread_in_vm, id=5832, stack(0x0000009bcb400000,0x0000009bcb500000)]
  0x000001f307af6000 JavaThread "DestroyJavaVM" [_thread_blocked, id=6568, stack(0x0000009bc9f00000,0x0000009bca000000)]

Other Threads:
  0x000001f325468800 VMThread "VM Thread" [stack: 0x0000009bca500000,0x0000009bca600000] [id=9344]
  0x000001f325f50800 WatcherThread [stack: 0x0000009bcae00000,0x0000009bcaf00000] [id=13048]
  0x000001f307b0e000 GCTaskThread "GC Thread#0" [stack: 0x0000009bca000000,0x0000009bca100000] [id=6908]
  0x000001f307b33000 ConcurrentGCThread "G1 Main Marker" [stack: 0x0000009bca100000,0x0000009bca200000] [id=8960]
  0x000001f307b34000 ConcurrentGCThread "G1 Conc#0" [stack: 0x0000009bca200000,0x0000009bca300000] [id=416]
  0x000001f307bbf800 ConcurrentGCThread "G1 Refine#0" [stack: 0x0000009bca300000,0x0000009bca400000] [id=208]
  0x000001f307bc0800 ConcurrentGCThread "G1 Young RemSet Sampling" [stack: 0x0000009bca400000,0x0000009bca500000] [id=4640]

Threads with active compile tasks:
C2 CompilerThread0 831       4       java.util.HashMap::putVal (300 bytes)
C1 CompilerThread0 825       3       java.lang.invoke.MethodHandles::foldArguments (100 bytes)
C2 CompilerThread1 804       4       java.lang.invoke.MethodType::makeImpl (108 bytes)

VM state:not at safepoint (normal execution)

VM Mutex/Monitor currently owned by a thread: None

Heap address: 0x00000000a0e00000, size: 1522 MB, Compressed Oops mode: 32-bit
Narrow klass base: 0x0000000000000000, Narrow klass shift: 3
Compressed class space size: 1073741824 Address: 0x0000000100000000

Heap:
 garbage-first heap   total 98304K, used 9216K [0x00000000a0e00000, 0x0000000100000000)
  region size 1024K, 10 young (10240K), 0 survivors (0K)
 Metaspace       used 14250K, capacity 14673K, committed 14976K, reserved 1062912K
  class space    used 1612K, capacity 1808K, committed 1920K, reserved 1048576K
Heap Regions: E=young(eden), S=young(survivor), O=old, HS=humongous(starts), HC=humongous(continues), CS=collection set, F=free, A=archive, TAMS=top-at-mark-start (previous, next)
|   0|0x00000000a0e00000, 0x00000000a0e00000, 0x00000000a0f00000|  0%| F|  |TAMS 0x00000000a0e00000, 0x00000000a0e00000| Untracked 
|   1|0x00000000a0f00000, 0x00000000a0f00000, 0x00000000a1000000|  0%| F|  |TAMS 0x00000000a0f00000, 0x00000000a0f00000| Untracked 
|   2|0x00000000a1000000, 0x00000000a1000000, 0x00000000a1100000|  0%| F|  |TAMS 0x00000000a1000000, 0x00000000a1000000| Untracked 
|   3|0x00000000a1100000, 0x00000000a1100000, 0x00000000a1200000|  0%| F|  |TAMS 0x00000000a1100000, 0x00000000a1100000| Untracked 
|   4|0x00000000a1200000, 0x00000000a1200000, 0x00000000a1300000|  0%| F|  |TAMS 0x00000000a1200000, 0x00000000a1200000| Untracked 
|   5|0x00000000a1300000, 0x00000000a1300000, 0x00000000a1400000|  0%| F|  |TAMS 0x00000000a1300000, 0x00000000a1300000| Untracked 
|   6|0x00000000a1400000, 0x00000000a1400000, 0x00000000a1500000|  0%| F|  |TAMS 0x00000000a1400000, 0x00000000a1400000| Untracked 
|   7|0x00000000a1500000, 0x00000000a1500000, 0x00000000a1600000|  0%| F|  |TAMS 0x00000000a1500000, 0x00000000a1500000| Untracked 
|   8|0x00000000a1600000, 0x00000000a1600000, 0x00000000a1700000|  0%| F|  |TAMS 0x00000000a1600000, 0x00000000a1600000| Untracked 
|   9|0x00000000a1700000, 0x00000000a1700000, 0x00000000a1800000|  0%| F|  |TAMS 0x00000000a1700000, 0x00000000a1700000| Untracked 
|  10|0x00000000a1800000, 0x00000000a1800000, 0x00000000a1900000|  0%| F|  |TAMS 0x00000000a1800000, 0x00000000a1800000| Untracked 
|  11|0x00000000a1900000, 0x00000000a1900000, 0x00000000a1a00000|  0%| F|  |TAMS 0x00000000a1900000, 0x00000000a1900000| Untracked 
|  12|0x00000000a1a00000, 0x00000000a1a00000, 0x00000000a1b00000|  0%| F|  |TAMS 0x00000000a1a00000, 0x00000000a1a00000| Untracked 
|  13|0x00000000a1b00000, 0x00000000a1b00000, 0x00000000a1c00000|  0%| F|  |TAMS 0x00000000a1b00000, 0x00000000a1b00000| Untracked 
|  14|0x00000000a1c00000, 0x00000000a1c00000, 0x00000000a1d00000|  0%| F|  |TAMS 0x00000000a1c00000, 0x00000000a1c00000| Untracked 
|  15|0x00000000a1d00000, 0x00000000a1d00000, 0x00000000a1e00000|  0%| F|  |TAMS 0x00000000a1d00000, 0x00000000a1d00000| Untracked 
|  16|0x00000000a1e00000, 0x00000000a1e00000, 0x00000000a1f00000|  0%| F|  |TAMS 0x00000000a1e00000, 0x00000000a1e00000| Untracked 
|  17|0x00000000a1f00000, 0x00000000a1f00000, 0x00000000a2000000|  0%| F|  |TAMS 0x00000000a1f00000, 0x00000000a1f00000| Untracked 
|  18|0x00000000a2000000, 0x00000000a2000000, 0x00000000a2100000|  0%| F|  |TAMS 0x00000000a2000000, 0x00000000a2000000| Untracked 
|  19|0x00000000a2100000, 0x00000000a2100000, 0x00000000a2200000|  0%| F|  |TAMS 0x00000000a2100000, 0x00000000a2100000| Untracked 
|  20|0x00000000a2200000, 0x00000000a2200000, 0x00000000a2300000|  0%| F|  |TAMS 0x00000000a2200000, 0x00000000a2200000| Untracked 
|  21|0x00000000a2300000, 0x00000000a2300000, 0x00000000a2400000|  0%| F|  |TAMS 0x00000000a2300000, 0x00000000a2300000| Untracked 
|  22|0x00000000a2400000, 0x00000000a2400000, 0x00000000a2500000|  0%| F|  |TAMS 0x00000000a2400000, 0x00000000a2400000| Untracked 
|  23|0x00000000a2500000, 0x00000000a2500000, 0x00000000a2600000|  0%| F|  |TAMS 0x00000000a2500000, 0x00000000a2500000| Untracked 
|  24|0x00000000a2600000, 0x00000000a2600000, 0x00000000a2700000|  0%| F|  |TAMS 0x00000000a2600000, 0x00000000a2600000| Untracked 
|  25|0x00000000a2700000, 0x00000000a2700000, 0x00000000a2800000|  0%| F|  |TAMS 0x00000000a2700000, 0x00000000a2700000| Untracked 
|  26|0x00000000a2800000, 0x00000000a2800000, 0x00000000a2900000|  0%| F|  |TAMS 0x00000000a2800000, 0x00000000a2800000| Untracked 
|  27|0x00000000a2900000, 0x00000000a2900000, 0x00000000a2a00000|  0%| F|  |TAMS 0x00000000a2900000, 0x00000000a2900000| Untracked 
|  28|0x00000000a2a00000, 0x00000000a2a00000, 0x00000000a2b00000|  0%| F|  |TAMS 0x00000000a2a00000, 0x00000000a2a00000| Untracked 
|  29|0x00000000a2b00000, 0x00000000a2b00000, 0x00000000a2c00000|  0%| F|  |TAMS 0x00000000a2b00000, 0x00000000a2b00000| Untracked 
|  30|0x00000000a2c00000, 0x00000000a2c00000, 0x00000000a2d00000|  0%| F|  |TAMS 0x00000000a2c00000, 0x00000000a2c00000| Untracked 
|  31|0x00000000a2d00000, 0x00000000a2d00000, 0x00000000a2e00000|  0%| F|  |TAMS 0x00000000a2d00000, 0x00000000a2d00000| Untracked 
|  32|0x00000000a2e00000, 0x00000000a2e00000, 0x00000000a2f00000|  0%| F|  |TAMS 0x00000000a2e00000, 0x00000000a2e00000| Untracked 
|  33|0x00000000a2f00000, 0x00000000a2f00000, 0x00000000a3000000|  0%| F|  |TAMS 0x00000000a2f00000, 0x00000000a2f00000| Untracked 
|  34|0x00000000a3000000, 0x00000000a3000000, 0x00000000a3100000|  0%| F|  |TAMS 0x00000000a3000000, 0x00000000a3000000| Untracked 
|  35|0x00000000a3100000, 0x00000000a3100000, 0x00000000a3200000|  0%| F|  |TAMS 0x00000000a3100000, 0x00000000a3100000| Untracked 
|  36|0x00000000a3200000, 0x00000000a3200000, 0x00000000a3300000|  0%| F|  |TAMS 0x00000000a3200000, 0x00000000a3200000| Untracked 
|  37|0x00000000a3300000, 0x00000000a3300000, 0x00000000a3400000|  0%| F|  |TAMS 0x00000000a3300000, 0x00000000a3300000| Untracked 
|  38|0x00000000a3400000, 0x00000000a3400000, 0x00000000a3500000|  0%| F|  |TAMS 0x00000000a3400000, 0x00000000a3400000| Untracked 
|  39|0x00000000a3500000, 0x00000000a3500000, 0x00000000a3600000|  0%| F|  |TAMS 0x00000000a3500000, 0x00000000a3500000| Untracked 
|  40|0x00000000a3600000, 0x00000000a3600000, 0x00000000a3700000|  0%| F|  |TAMS 0x00000000a3600000, 0x00000000a3600000| Untracked 
|  41|0x00000000a3700000, 0x00000000a3700000, 0x00000000a3800000|  0%| F|  |TAMS 0x00000000a3700000, 0x00000000a3700000| Untracked 
|  42|0x00000000a3800000, 0x00000000a3800000, 0x00000000a3900000|  0%| F|  |TAMS 0x00000000a3800000, 0x00000000a3800000| Untracked 
|  43|0x00000000a3900000, 0x00000000a3900000, 0x00000000a3a00000|  0%| F|  |TAMS 0x00000000a3900000, 0x00000000a3900000| Untracked 
|  44|0x00000000a3a00000, 0x00000000a3a00000, 0x00000000a3b00000|  0%| F|  |TAMS 0x00000000a3a00000, 0x00000000a3a00000| Untracked 
|  45|0x00000000a3b00000, 0x00000000a3b00000, 0x00000000a3c00000|  0%| F|  |TAMS 0x00000000a3b00000, 0x00000000a3b00000| Untracked 
|  46|0x00000000a3c00000, 0x00000000a3c00000, 0x00000000a3d00000|  0%| F|  |TAMS 0x00000000a3c00000, 0x00000000a3c00000| Untracked 
|  47|0x00000000a3d00000, 0x00000000a3d00000, 0x00000000a3e00000|  0%| F|  |TAMS 0x00000000a3d00000, 0x00000000a3d00000| Untracked 
|  48|0x00000000a3e00000, 0x00000000a3e00000, 0x00000000a3f00000|  0%| F|  |TAMS 0x00000000a3e00000, 0x00000000a3e00000| Untracked 
|  49|0x00000000a3f00000, 0x00000000a3f00000, 0x00000000a4000000|  0%| F|  |TAMS 0x00000000a3f00000, 0x00000000a3f00000| Untracked 
|  50|0x00000000a4000000, 0x00000000a4000000, 0x00000000a4100000|  0%| F|  |TAMS 0x00000000a4000000, 0x00000000a4000000| Untracked 
|  51|0x00000000a4100000, 0x00000000a4100000, 0x00000000a4200000|  0%| F|  |TAMS 0x00000000a4100000, 0x00000000a4100000| Untracked 
|  52|0x00000000a4200000, 0x00000000a4200000, 0x00000000a4300000|  0%| F|  |TAMS 0x00000000a4200000, 0x00000000a4200000| Untracked 
|  53|0x00000000a4300000, 0x00000000a4300000, 0x00000000a4400000|  0%| F|  |TAMS 0x00000000a4300000, 0x00000000a4300000| Untracked 
|  54|0x00000000a4400000, 0x00000000a4400000, 0x00000000a4500000|  0%| F|  |TAMS 0x00000000a4400000, 0x00000000a4400000| Untracked 
|  55|0x00000000a4500000, 0x00000000a4500000, 0x00000000a4600000|  0%| F|  |TAMS 0x00000000a4500000, 0x00000000a4500000| Untracked 
|  56|0x00000000a4600000, 0x00000000a4600000, 0x00000000a4700000|  0%| F|  |TAMS 0x00000000a4600000, 0x00000000a4600000| Untracked 
|  57|0x00000000a4700000, 0x00000000a4700000, 0x00000000a4800000|  0%| F|  |TAMS 0x00000000a4700000, 0x00000000a4700000| Untracked 
|  58|0x00000000a4800000, 0x00000000a4800000, 0x00000000a4900000|  0%| F|  |TAMS 0x00000000a4800000, 0x00000000a4800000| Untracked 
|  59|0x00000000a4900000, 0x00000000a4900000, 0x00000000a4a00000|  0%| F|  |TAMS 0x00000000a4900000, 0x00000000a4900000| Untracked 
|  60|0x00000000a4a00000, 0x00000000a4a00000, 0x00000000a4b00000|  0%| F|  |TAMS 0x00000000a4a00000, 0x00000000a4a00000| Untracked 
|  61|0x00000000a4b00000, 0x00000000a4b00000, 0x00000000a4c00000|  0%| F|  |TAMS 0x00000000a4b00000, 0x00000000a4b00000| Untracked 
|  62|0x00000000a4c00000, 0x00000000a4c00000, 0x00000000a4d00000|  0%| F|  |TAMS 0x00000000a4c00000, 0x00000000a4c00000| Untracked 
|  63|0x00000000a4d00000, 0x00000000a4d00000, 0x00000000a4e00000|  0%| F|  |TAMS 0x00000000a4d00000, 0x00000000a4d00000| Untracked 
|  64|0x00000000a4e00000, 0x00000000a4e00000, 0x00000000a4f00000|  0%| F|  |TAMS 0x00000000a4e00000, 0x00000000a4e00000| Untracked 
|  65|0x00000000a4f00000, 0x00000000a4f00000, 0x00000000a5000000|  0%| F|  |TAMS 0x00000000a4f00000, 0x00000000a4f00000| Untracked 
|  66|0x00000000a5000000, 0x00000000a5000000, 0x00000000a5100000|  0%| F|  |TAMS 0x00000000a5000000, 0x00000000a5000000| Untracked 
|  67|0x00000000a5100000, 0x00000000a5100000, 0x00000000a5200000|  0%| F|  |TAMS 0x00000000a5100000, 0x00000000a5100000| Untracked 
|  68|0x00000000a5200000, 0x00000000a5200000, 0x00000000a5300000|  0%| F|  |TAMS 0x00000000a5200000, 0x00000000a5200000| Untracked 
|  69|0x00000000a5300000, 0x00000000a5300000, 0x00000000a5400000|  0%| F|  |TAMS 0x00000000a5300000, 0x00000000a5300000| Untracked 
|  70|0x00000000a5400000, 0x00000000a5400000, 0x00000000a5500000|  0%| F|  |TAMS 0x00000000a5400000, 0x00000000a5400000| Untracked 
|  71|0x00000000a5500000, 0x00000000a5500000, 0x00000000a5600000|  0%| F|  |TAMS 0x00000000a5500000, 0x00000000a5500000| Untracked 
|  72|0x00000000a5600000, 0x00000000a5600000, 0x00000000a5700000|  0%| F|  |TAMS 0x00000000a5600000, 0x00000000a5600000| Untracked 
|  73|0x00000000a5700000, 0x00000000a5700000, 0x00000000a5800000|  0%| F|  |TAMS 0x00000000a5700000, 0x00000000a5700000| Untracked 
|  74|0x00000000a5800000, 0x00000000a5800000, 0x00000000a5900000|  0%| F|  |TAMS 0x00000000a5800000, 0x00000000a5800000| Untracked 
|  75|0x00000000a5900000, 0x00000000a5900000, 0x00000000a5a00000|  0%| F|  |TAMS 0x00000000a5900000, 0x00000000a5900000| Untracked 
|  76|0x00000000a5a00000, 0x00000000a5a00000, 0x00000000a5b00000|  0%| F|  |TAMS 0x00000000a5a00000, 0x00000000a5a00000| Untracked 
|  77|0x00000000a5b00000, 0x00000000a5b00000, 0x00000000a5c00000|  0%| F|  |TAMS 0x00000000a5b00000, 0x00000000a5b00000| Untracked 
|  78|0x00000000a5c00000, 0x00000000a5c00000, 0x00000000a5d00000|  0%| F|  |TAMS 0x00000000a5c00000, 0x00000000a5c00000| Untracked 
|  79|0x00000000a5d00000, 0x00000000a5d00000, 0x00000000a5e00000|  0%| F|  |TAMS 0x00000000a5d00000, 0x00000000a5d00000| Untracked 
|  80|0x00000000a5e00000, 0x00000000a5e00000, 0x00000000a5f00000|  0%| F|  |TAMS 0x00000000a5e00000, 0x00000000a5e00000| Untracked 
|  81|0x00000000a5f00000, 0x00000000a5f00000, 0x00000000a6000000|  0%| F|  |TAMS 0x00000000a5f00000, 0x00000000a5f00000| Untracked 
|  82|0x00000000a6000000, 0x00000000a6000000, 0x00000000a6100000|  0%| F|  |TAMS 0x00000000a6000000, 0x00000000a6000000| Untracked 
|  83|0x00000000a6100000, 0x00000000a6100000, 0x00000000a6200000|  0%| F|  |TAMS 0x00000000a6100000, 0x00000000a6100000| Untracked 
|  84|0x00000000a6200000, 0x00000000a6200000, 0x00000000a6300000|  0%| F|  |TAMS 0x00000000a6200000, 0x00000000a6200000| Untracked 
|  85|0x00000000a6300000, 0x00000000a6300000, 0x00000000a6400000|  0%| F|  |TAMS 0x00000000a6300000, 0x00000000a6300000| Untracked 
|  86|0x00000000a6400000, 0x00000000a64f6448, 0x00000000a6500000| 96%| E|  |TAMS 0x00000000a6400000, 0x00000000a6400000| Complete 
|  87|0x00000000a6500000, 0x00000000a6600000, 0x00000000a6600000|100%| E|CS|TAMS 0x00000000a6500000, 0x00000000a6500000| Complete 
|  88|0x00000000a6600000, 0x00000000a6700000, 0x00000000a6700000|100%| E|CS|TAMS 0x00000000a6600000, 0x00000000a6600000| Complete 
|  89|0x00000000a6700000, 0x00000000a6800000, 0x00000000a6800000|100%| E|CS|TAMS 0x00000000a6700000, 0x00000000a6700000| Complete 
|  90|0x00000000a6800000, 0x00000000a6900000, 0x00000000a6900000|100%| E|CS|TAMS 0x00000000a6800000, 0x00000000a6800000| Complete 
|  91|0x00000000a6900000, 0x00000000a6a00000, 0x00000000a6a00000|100%| E|CS|TAMS 0x00000000a6900000, 0x00000000a6900000| Complete 
|  92|0x00000000a6a00000, 0x00000000a6b00000, 0x00000000a6b00000|100%| E|CS|TAMS 0x00000000a6a00000, 0x00000000a6a00000| Complete 
|  93|0x00000000a6b00000, 0x00000000a6c00000, 0x00000000a6c00000|100%| E|CS|TAMS 0x00000000a6b00000, 0x00000000a6b00000| Complete 
|  94|0x00000000a6c00000, 0x00000000a6d00000, 0x00000000a6d00000|100%| E|CS|TAMS 0x00000000a6c00000, 0x00000000a6c00000| Complete 
|  95|0x00000000a6d00000, 0x00000000a6e00000, 0x00000000a6e00000|100%| E|CS|TAMS 0x00000000a6d00000, 0x00000000a6d00000| Complete 

Card table byte_map: [0x000001f31f4a0000,0x000001f31f7a0000] _byte_map_base: 0x000001f31ef99000

Marking Bits (Prev, Next): (CMBitMap*) 0x000001f307b2c4b8, (CMBitMap*) 0x000001f307b2c4f0
 Prev Bits: [0x000001f31faa0000, 0x000001f321268000)
 Next Bits: [0x000001f321270000, 0x000001f322a38000)

Polling page: 0x000001f305a70000

Metaspace:

Usage:
  Non-class:     12.56 MB capacity,    12.35 MB ( 98%) used,   174.85 KB (  1%) free+waste,    38.88 KB ( <1%) overhead. 
      Class:      1.77 MB capacity,     1.58 MB ( 89%) used,   172.98 KB ( 10%) free+waste,    21.19 KB (  1%) overhead. 
       Both:     14.33 MB capacity,    13.93 MB ( 97%) used,   347.83 KB (  2%) free+waste,    60.06 KB ( <1%) overhead. 

Virtual space:
  Non-class space:       14.00 MB reserved,      12.75 MB ( 91%) committed 
      Class space:        1.00 GB reserved,       1.88 MB ( <1%) committed 
             Both:        1.01 GB reserved,      14.63 MB (  1%) committed 

Chunk freelists:
   Non-Class:  7.88 KB
       Class:  2.00 KB
        Both:  9.88 KB

CodeHeap 'non-profiled nmethods': size=120000Kb used=280Kb max_used=280Kb free=119719Kb
 bounds [0x000001f317930000, 0x000001f317ba0000, 0x000001f31ee60000]
CodeHeap 'profiled nmethods': size=120000Kb used=1638Kb max_used=1638Kb free=118361Kb
 bounds [0x000001f310400000, 0x000001f310670000, 0x000001f317930000]
CodeHeap 'non-nmethods': size=5760Kb used=1149Kb max_used=1177Kb free=4610Kb
 bounds [0x000001f30fe60000, 0x000001f3100d0000, 0x000001f310400000]
 total_blobs=1477 nmethods=840 adapters=396
 compilation: enabled
              stopped_count=0, restarted_count=0
 full_count=0

Compilation events (10 events):
Event: 0.509 Thread 0x000001f325494800  812       3       javax.swing.JComponent::setFlag (34 bytes)
Event: 0.509 Thread 0x000001f325494800 nmethod 812 0x000001f31058ba90 code [0x000001f31058bc40, 0x000001f31058be38]
Event: 0.510 Thread 0x000001f325494800  813       3       java.lang.invoke.LambdaFormEditor::bindArgumentType (101 bytes)
Event: 0.510 Thread 0x000001f325493800  815       4       java.util.Arrays::equals (57 bytes)
Event: 0.510 Thread 0x000001f325494800 nmethod 813 0x000001f31058bf10 code [0x000001f31058c0e0, 0x000001f31058c350]
Event: 0.510 Thread 0x000001f325494800  814       3       java.lang.invoke.LambdaFormEditor::bindArgumentForm (269 bytes)
Event: 0.511 Thread 0x000001f325494800 nmethod 814 0x000001f31058c490 code [0x000001f31058c860, 0x000001f31058e170]
Event: 0.512 Thread 0x000001f325493800 nmethod 815 0x000001f317973a90 code [0x000001f317973c40, 0x000001f317973dd8]
Event: 0.517 Thread 0x000001f325494800  816       3       jdk.internal.reflect.ReflectionFactory::langReflectAccess (15 bytes)
Event: 0.517 Thread 0x000001f325494800 nmethod 816 0x000001f31058ec10 code [0x000001f31058edc0, 0x000001f31058efd8]

GC Heap History (0 events):
No events

Deoptimization events (9 events):
Event: 0.082 Thread 0x000001f307af6000 Uncommon trap: reason=unstable_if action=reinterpret pc=0x000001f31793567c method=java.lang.String.hashCode()I @ 14 c2
Event: 0.315 Thread 0x000001f307af6000 Uncommon trap: reason=unstable_if action=reinterpret pc=0x000001f3179456f8 method=java.lang.String.isLatin1()Z @ 10 c2
Event: 0.382 Thread 0x000001f307af6000 Uncommon trap: reason=unstable_if action=reinterpret pc=0x000001f3179600c4 method=java.lang.StringLatin1.replace([BCC)Ljava/lang/String; @ 19 c2
Event: 0.484 Thread 0x000001f3279cc800 Uncommon trap: reason=unstable_if action=reinterpret pc=0x000001f31796fecc method=java.util.HashMap.getNode(ILjava/lang/Object;)Ljava/util/HashMap$Node; @ 84 c2
Event: 0.484 Thread 0x000001f3279cc800 Uncommon trap: reason=unstable_if action=reinterpret pc=0x000001f317970848 method=java.util.HashMap.getNode(ILjava/lang/Object;)Ljava/util/HashMap$Node; @ 84 c2
Event: 0.514 Thread 0x000001f3279cc800 Uncommon trap: reason=class_check action=maybe_recompile pc=0x000001f317947ddc method=java.lang.String.equals(Ljava/lang/Object;)Z @ 8 c2
Event: 0.514 Thread 0x000001f3279cc800 Uncommon trap: reason=class_check action=maybe_recompile pc=0x000001f317947ddc method=java.lang.String.equals(Ljava/lang/Object;)Z @ 8 c2
Event: 0.514 Thread 0x000001f3279cc800 Uncommon trap: reason=class_check action=maybe_recompile pc=0x000001f317947ddc method=java.lang.String.equals(Ljava/lang/Object;)Z @ 8 c2
Event: 0.514 Thread 0x000001f3279cc800 Uncommon trap: reason=class_check action=maybe_recompile pc=0x000001f317947ddc method=java.lang.String.equals(Ljava/lang/Object;)Z @ 8 c2

Classes redefined (0 events):
No events

Internal exceptions (10 events):
Event: 0.355 Thread 0x000001f307af6000 Exception <a 'java/lang/ClassNotFoundException'{0x00000000a663f8a0}: javax/swing/JTreeCell> (0x00000000a663f8a0) thrown at [t:/workspace/open/src/hotspot/share/classfile/systemDictionary.cpp, line 231]
Event: 0.355 Thread 0x000001f307af6000 Exception <a 'java/lang/ClassNotFoundException'{0x00000000a663fba0}: TreeCell> (0x00000000a663fba0) thrown at [t:/workspace/open/src/hotspot/share/classfile/systemDictionary.cpp, line 231]
Event: 0.356 Thread 0x000001f307af6000 Exception <a 'java/lang/ClassNotFoundException'{0x00000000a6640370}: RootPane> (0x00000000a6640370) thrown at [t:/workspace/open/src/hotspot/share/classfile/systemDictionary.cpp, line 231]
Event: 0.359 Thread 0x000001f307af6000 Exception <a 'java/lang/ClassNotFoundException'{0x00000000a6643200}: com/sun/swing/internal/plaf/metal/resources/spi/metalProvider> (0x00000000a6643200) thrown at [t:/workspace/open/src/hotspot/share/classfile/systemDictionary.cpp, line 231]
Event: 0.360 Thread 0x000001f307af6000 Exception <a 'java/lang/ClassNotFoundException'{0x00000000a66475d8}: com/sun/swing/internal/plaf/basic/resources/spi/basicProvider> (0x00000000a66475d8) thrown at [t:/workspace/open/src/hotspot/share/classfile/systemDictionary.cpp, line 231]
Event: 0.364 Thread 0x000001f307af6000 Exception <a 'java/lang/NoSuchMethodError'{0x00000000a6683960}: java.lang.invoke.DirectMethodHandle$Holder.invokeStatic(Ljava/lang/Object;Ljava/lang/Object;Ljava/lang/Object;Ljava/lang/Object;Ljava/lang/Object;Ljava/lang/Object;Ljava/lang/Object;Ljava/lan
Event: 0.365 Thread 0x000001f307af6000 Exception <a 'java/lang/NoSuchMethodError'{0x00000000a66a1b10}: java.lang.invoke.DirectMethodHandle$Holder.invokeStatic(Ljava/lang/Object;Ljava/lang/Object;Ljava/lang/Object;Ljava/lang/Object;Ljava/lang/Object;Ljava/lang/Object;Ljava/lang/Object;Ljava/lan
Event: 0.367 Thread 0x000001f307af6000 Exception <a 'java/lang/NoSuchMethodError'{0x00000000a66c0898}: java.lang.invoke.DirectMethodHandle$Holder.invokeStatic(Ljava/lang/Object;Ljava/lang/Object;Ljava/lang/Object;Ljava/lang/Object;Ljava/lang/Object;Ljava/lang/Object;Ljava/lang/Object;Ljava/lan
Event: 0.368 Thread 0x000001f307af6000 Exception <a 'java/lang/NoSuchMethodError'{0x00000000a66e0ca8}: java.lang.invoke.DirectMethodHandle$Holder.invokeStatic(Ljava/lang/Object;Ljava/lang/Object;Ljava/lang/Object;Ljava/lang/Object;Ljava/lang/Object;Ljava/lang/Object;Ljava/lang/Object;Ljava/lan
Event: 0.437 Thread 0x000001f3279cc800 Exception <a 'java/lang/ClassNotFoundException'{0x00000000a658b888}: com/sun/swing/internal/plaf/synth/resources/spi/synthProvider> (0x00000000a658b888) thrown at [t:/workspace/open/src/hotspot/share/classfile/systemDictionary.cpp, line 231]

Events (10 events):
Event: 0.523 loading class javax/swing/text/AttributeSet$FontAttribute done
Event: 0.523 loading class javax/swing/text/StyleConstants$FontConstants done
Event: 0.523 loading class javax/swing/text/StyleConstants$ColorConstants
Event: 0.523 loading class javax/swing/text/AttributeSet$ColorAttribute
Event: 0.523 loading class javax/swing/text/AttributeSet$ColorAttribute done
Event: 0.523 loading class javax/swing/text/StyleConstants$ColorConstants done
Event: 0.523 loading class javax/swing/text/StyleConstants$ParagraphConstants
Event: 0.523 loading class javax/swing/text/AttributeSet$ParagraphAttribute
Event: 0.523 loading class javax/swing/text/AttributeSet$ParagraphAttribute done
Event: 0.523 loading class javax/swing/text/StyleConstants$ParagraphConstants done


Dynamic libraries:
0x00007ff728820000 - 0x00007ff728867000 	D:\ProGram\bin\java.exe
0x00007ffdf75b0000 - 0x00007ffdf779d000 	C:\Windows\SYSTEM32\ntdll.dll
0x00007ffdf4af0000 - 0x00007ffdf4ba3000 	C:\Windows\System32\KERNEL32.DLL
0x00007ffdf3dc0000 - 0x00007ffdf4053000 	C:\Windows\System32\KERNELBASE.dll
0x00007ffdf74d0000 - 0x00007ffdf7573000 	C:\Windows\System32\ADVAPI32.dll
0x00007ffdf6650000 - 0x00007ffdf66ee000 	C:\Windows\System32\msvcrt.dll
0x00007ffdf73d0000 - 0x00007ffdf746e000 	C:\Windows\System32\sechost.dll
0x00007ffdf6df0000 - 0x00007ffdf6f12000 	C:\Windows\System32\RPCRT4.dll
0x00007ffdf68a0000 - 0x00007ffdf6a37000 	C:\Windows\System32\USER32.dll
0x00007ffdf4740000 - 0x00007ffdf4760000 	C:\Windows\System32\win32u.dll
0x00007ffdf73a0000 - 0x00007ffdf73c9000 	C:\Windows\System32\GDI32.dll
0x00007ffdf40f0000 - 0x00007ffdf4289000 	C:\Windows\System32\gdi32full.dll
0x00007ffdf4390000 - 0x00007ffdf4430000 	C:\Windows\System32\msvcp_win.dll
0x00007ffdf4290000 - 0x00007ffdf438a000 	C:\Windows\System32\ucrtbase.dll
0x00007ffdde3b0000 - 0x00007ffdde629000 	C:\Windows\WinSxS\amd64_microsoft.windows.common-controls_6595b64144ccf1df_6.0.17763.1098_none_de762ed45346ee8a\COMCTL32.dll
0x00007ffdeebe0000 - 0x00007ffdeebea000 	C:\Windows\SYSTEM32\VERSION.dll
0x00007ffdf60b0000 - 0x00007ffdf63dc000 	C:\Windows\System32\combase.dll
0x00007ffdf4430000 - 0x00007ffdf44ae000 	C:\Windows\System32\bcryptPrimitives.dll
0x00007ffdf6ce0000 - 0x00007ffdf6d0e000 	C:\Windows\System32\IMM32.DLL
0x00007ffdd0f50000 - 0x00007ffdd0f66000 	D:\ProGram\bin\vcruntime140.dll
0x00007ffdabd60000 - 0x00007ffdabe0a000 	D:\ProGram\bin\msvcp140.dll
0x00007ffdac0a0000 - 0x00007ffdacbc8000 	D:\ProGram\bin\server\jvm.dll
0x00007ffdf6d10000 - 0x00007ffdf6d18000 	C:\Windows\System32\PSAPI.DLL
0x00007ffdf11e0000 - 0x00007ffdf1204000 	C:\Windows\SYSTEM32\WINMM.dll
0x00007ffde5890000 - 0x00007ffde5899000 	C:\Windows\SYSTEM32\WSOCK32.dll
0x00007ffdf65e0000 - 0x00007ffdf664d000 	C:\Windows\System32\WS2_32.dll
0x00007ffdf11b0000 - 0x00007ffdf11dd000 	C:\Windows\SYSTEM32\winmmbase.dll
0x00007ffdf4780000 - 0x00007ffdf47ca000 	C:\Windows\System32\cfgmgr32.dll
0x00007ffdf35a0000 - 0x00007ffdf35b1000 	C:\Windows\System32\kernel.appcore.dll
0x00007ffdbcbd0000 - 0x00007ffdbcbe1000 	D:\ProGram\bin\verify.dll
0x00007ffde4930000 - 0x00007ffde4b1d000 	C:\Windows\SYSTEM32\DBGHELP.DLL
0x00007ffddfd60000 - 0x00007ffddfd8a000 	C:\Windows\SYSTEM32\dbgcore.DLL
0x00007ffdac030000 - 0x00007ffdac059000 	D:\ProGram\bin\java.dll
0x00007ffdac010000 - 0x00007ffdac026000 	D:\ProGram\bin\zip.dll
0x00007ffdce6e0000 - 0x00007ffdce6ea000 	D:\ProGram\bin\jimage.dll
0x00007ffdf4bb0000 - 0x00007ffdf60a4000 	C:\Windows\System32\SHELL32.dll
0x00007ffdf63e0000 - 0x00007ffdf6488000 	C:\Windows\System32\shcore.dll
0x00007ffdf3670000 - 0x00007ffdf3dbd000 	C:\Windows\System32\windows.storage.dll
0x00007ffdf35c0000 - 0x00007ffdf35e4000 	C:\Windows\System32\profapi.dll
0x00007ffdf35f0000 - 0x00007ffdf364d000 	C:\Windows\System32\powrprof.dll
0x00007ffdf7470000 - 0x00007ffdf74c2000 	C:\Windows\System32\shlwapi.dll
0x00007ffdf4760000 - 0x00007ffdf4777000 	C:\Windows\System32\cryptsp.dll
0x00007ffdabe10000 - 0x00007ffdabfaf000 	D:\ProGram\bin\awt.dll
0x00007ffdf6d20000 - 0x00007ffdf6de4000 	C:\Windows\System32\OLEAUT32.dll
0x00007ffdf0a20000 - 0x00007ffdf0fde000 	C:\Windows\SYSTEM32\d2d1.dll
0x00007ffdf18e0000 - 0x00007ffdf196c000 	C:\Windows\SYSTEM32\apphelp.dll
0x00007ffdf1b70000 - 0x00007ffdf1c0c000 	C:\Windows\system32\uxtheme.dll
0x00007ffdf6b70000 - 0x00007ffdf6cdb000 	C:\Windows\System32\MSCTF.dll
0x00007ffdf1c40000 - 0x00007ffdf1c6e000 	C:\Windows\system32\dwmapi.dll
0x00007ffdf4560000 - 0x00007ffdf473c000 	C:\Windows\System32\CRYPT32.dll
0x00007ffdf3650000 - 0x00007ffdf3662000 	C:\Windows\System32\MSASN1.dll
0x00007ffdf48e0000 - 0x00007ffdf4a35000 	C:\Windows\System32\ole32.dll
0x00007ffdaba40000 - 0x00007ffdabac3000 	D:\ProGram\bin\freetype.dll
0x00007ffdab990000 - 0x00007ffdaba3b000 	D:\ProGram\bin\fontmanager.dll
0x00007ffdabc30000 - 0x00007ffdabd57000 	C:\Windows\system32\opengl32.dll
0x00007ffdabc00000 - 0x00007ffdabc2c000 	C:\Windows\SYSTEM32\GLU32.dll
0x00007ffdb5580000 - 0x00007ffdb571e000 	C:\Windows\system32\d3d9.dll
0x00007ffdee120000 - 0x00007ffdee2f8000 	C:\Windows\System32\DriverStore\FileRepository\u0351505.inf_amd64_5b0d82e706ad63ce\B351435\aticfx64.dll
0x00007ffdc4b30000 - 0x00007ffdc4b61000 	C:\Windows\System32\DriverStore\FileRepository\u0351505.inf_amd64_5b0d82e706ad63ce\B351435\atiu9p64.dll
0x00007ffdb48f0000 - 0x00007ffdb5579000 	C:\Windows\System32\DriverStore\FileRepository\u0351505.inf_amd64_5b0d82e706ad63ce\B351435\atiumd64.dll
0x0000000062f70000 - 0x0000000063d35000 	C:\Windows\System32\DriverStore\FileRepository\u0351505.inf_amd64_5b0d82e706ad63ce\B351435\atiumd6a.dll

dbghelp: loaded successfully - version: 4.0.5 - missing functions: none
symbol engine: initialized successfully - sym options: 0x614 - pdb path: .;D:\ProGram\bin;C:\Windows\SYSTEM32;C:\Windows\WinSxS\amd64_microsoft.windows.common-controls_6595b64144ccf1df_6.0.17763.1098_none_de762ed45346ee8a;D:\ProGram\bin\server;C:\Windows\System32\DriverStore\FileRepository\u0351505.inf_amd64_5b0d82e706ad63ce\B351435

VM Arguments:
java_command: com.mycompany.shopcoffee.Coffee
java_class_path (initial): C:\Users\COMPUTER\Documents\NetBeansProjects\SHOPcoffee\target\classes
Launcher Type: SUN_STANDARD

[Global flags]
     intx CICompilerCount                          = 4                                         {product} {ergonomic}
     uint ConcGCThreads                            = 2                                         {product} {ergonomic}
     uint G1ConcRefinementThreads                  = 8                                         {product} {ergonomic}
   size_t G1HeapRegionSize                         = 1048576                                   {product} {ergonomic}
    uintx GCDrainStackTargetSize                   = 64                                        {product} {ergonomic}
   size_t InitialHeapSize                          = 100663296                                 {product} {ergonomic}
   size_t MarkStackSize                            = 4194304                                   {product} {ergonomic}
   size_t MaxHeapSize                              = 1595932672                                {product} {ergonomic}
   size_t MaxNewSize                               = 957349888                                 {product} {ergonomic}
   size_t MinHeapDeltaBytes                        = 1048576                                   {product} {ergonomic}
    uintx NonNMethodCodeHeapSize                   = 5836300                                {pd product} {ergonomic}
    uintx NonProfiledCodeHeapSize                  = 122910970                              {pd product} {ergonomic}
    uintx ProfiledCodeHeapSize                     = 122910970                              {pd product} {ergonomic}
    uintx ReservedCodeCacheSize                    = 251658240                              {pd product} {ergonomic}
     bool SegmentedCodeCache                       = true                                      {product} {ergonomic}
     bool UseCompressedClassPointers               = true                                 {lp64_product} {ergonomic}
     bool UseCompressedOops                        = true                                 {lp64_product} {ergonomic}
     bool UseG1GC                                  = true                                      {product} {ergonomic}
     bool UseLargePagesIndividualAllocation        = false                                  {pd product} {ergonomic}

Logging:
Log output configuration:
 #0: stdout all=warning uptime,level,tags
 #1: stderr all=off uptime,level,tags

Environment Variables:
JAVA_HOME=D:\ProGram
PATH=C:\Windows\system32;C:\Windows;C:\Windows\System32\Wbem;C:\Windows\System32\WindowsPowerShell\v1.0\;C:\Windows\System32\OpenSSH\;C:\Program Files\dotnet\;C:\Program Files\Microsoft SQL Server\130\Tools\Binn\;C:\Users\COMPUTER\AppData\Local\Microsoft\WindowsApps;C:\Users\COMPUTER\AppData\Local\GitHubDesktop\bin;D:\ProGram\IntelliJ IDEA 2019.3.1\bin;;D:\ProGram\IntelliJ IDEA Community Edition 2019.3.1\bin;
USERNAME=COMPUTER
OS=Windows_NT
PROCESSOR_IDENTIFIER=AMD64 Family 23 Model 24 Stepping 1, AuthenticAMD



---------------  S Y S T E M  ---------------

OS: Windows 10 , 64 bit Build 17763 (10.0.17763.475)

CPU:total 8 (initial active 8) (8 cores per cpu, 2 threads per core) family 23 model 24 stepping 1, cmov, cx8, fxsr, mmx, sse, sse2, sse3, ssse3, sse4.1, sse4.2, popcnt, avx, avx2, aes, clmul, mmxext, 3dnowpref, lzcnt, sse4a, ht, tsc, tscinvbit, tscinv, bmi1, bmi2, adx, sha, fma

Memory: 4k page, system-wide physical 6082M (421M free)
TotalPageFile size 24514M (AvailPageFile size 2M)
current process WorkingSet (physical memory assigned to process): 79M, peak: 79M
current process commit charge ("private bytes"): 212M, peak: 212M

vm_info: Java HotSpot(TM) 64-Bit Server VM (11.0.5+10-LTS) for windows-amd64 JRE (11.0.5+10-LTS), built on Oct  6 2019 12:37:14 by "mach5one" with MS VC++ 15.5 (VS2017)

END.
