#
# There is insufficient memory for the Java Runtime Environment to continue.
# Native memory allocation (malloc) failed to allocate 1188656 bytes for Chunk::new
# Possible reasons:
#   The system is out of physical RAM or swap space
#   The process is running with CompressedOops enabled, and the Java Heap may be blocking the growth of the native heap
# Possible solutions:
#   Reduce memory load on the system
#   Increase physical memory or swap space
#   Check if swap backing store is full
#   Decrease Java heap size (-Xmx/-Xms)
#   Decrease number of Java threads
#   Decrease Java thread stack sizes (-Xss)
#   Set larger code cache with -XX:ReservedCodeCacheSize=
#   JVM is running with Unscaled Compressed Oops mode in which the Java heap is
#     placed in the first 4GB address space. The Java Heap base address is the
#     maximum limit for the native heap growth. Please use -XX:HeapBaseMinAddress
#     to set the Java Heap base and to place the Java Heap above 4GB virtual address.
# This output file may be truncated or incomplete.
#
#  Out of Memory Error (t:/workspace/open/src/hotspot/share/memory/arena.cpp:197), pid=11496, tid=10148
#
# JRE version: Java(TM) SE Runtime Environment (11.0.5+10) (build 11.0.5+10-LTS)
# Java VM: Java HotSpot(TM) 64-Bit Server VM (11.0.5+10-LTS, mixed mode, tiered, compressed oops, g1 gc, windows-amd64)
# No core dump will be written. Minidumps are not enabled by default on client versions of Windows
#

---------------  S U M M A R Y ------------

Command Line: com.mycompany.shopcoffee.Coffee

Host: AMD Ryzen 5 3550H with Radeon Vega Mobile Gfx  , 8 cores, 5G,  Windows 10 , 64 bit Build 17763 (10.0.17763.475)
Time: Wed Mar 18 22:26:59 2020 SE Asia Standard Time elapsed time: 0 seconds (0d 0h 0m 0s)

---------------  T H R E A D  ---------------

Current thread (0x00000185f1f88800):  JavaThread "C2 CompilerThread0" daemon [_thread_in_native, id=10148, stack(0x00000071ddd00000,0x00000071dde00000)]


Current CompileTask:
C2:    424  481       4       jdk.internal.org.objectweb.asm.Frame::execute (2264 bytes)

Stack: [0x00000071ddd00000,0x00000071dde00000]
Native frames: (J=compiled Java code, j=interpreted, Vv=VM code, C=native code)
V  [jvm.dll+0x63611a]
V  [jvm.dll+0x77426f]
V  [jvm.dll+0x77591a]
V  [jvm.dll+0x775fd3]
V  [jvm.dll+0x25e608]
V  [jvm.dll+0xc1f31]
V  [jvm.dll+0xc24bc]
V  [jvm.dll+0x36dae2]
V  [jvm.dll+0x33ab93]
V  [jvm.dll+0x339f6a]
V  [jvm.dll+0x218485]
V  [jvm.dll+0x21762a]
V  [jvm.dll+0x1941bc]
V  [jvm.dll+0x226684]
V  [jvm.dll+0x224c78]
V  [jvm.dll+0x7396cd]
V  [jvm.dll+0x6351c2]
C  [ucrtbase.dll+0x21ffa]
C  [KERNEL32.DLL+0x17974]
C  [ntdll.dll+0x6a261]


---------------  P R O C E S S  ---------------

Threads class SMR info:
_java_thread_list=0x00000185f2d7fc30, length=14, elements={
0x00000185d45e4000, 0x00000185f1f41000, 0x00000185f1f6b800, 0x00000185f2903000,
0x00000185f1f86800, 0x00000185f1f88800, 0x00000185f1f8e000, 0x00000185f1f9d000,
0x00000185f2a79000, 0x00000185f2a86800, 0x00000185f2da5000, 0x00000185f2d6f000,
0x00000185f2d72000, 0x00000185f317d800
}

Java Threads: ( => current thread )
  0x00000185d45e4000 JavaThread "main" [_thread_in_Java, id=12544, stack(0x00000071dd200000,0x00000071dd300000)]
  0x00000185f1f41000 JavaThread "Reference Handler" daemon [_thread_blocked, id=5308, stack(0x00000071dd900000,0x00000071dda00000)]
  0x00000185f1f6b800 JavaThread "Finalizer" daemon [_thread_blocked, id=588, stack(0x00000071dda00000,0x00000071ddb00000)]
  0x00000185f2903000 JavaThread "Signal Dispatcher" daemon [_thread_blocked, id=14072, stack(0x00000071ddb00000,0x00000071ddc00000)]
  0x00000185f1f86800 JavaThread "Attach Listener" daemon [_thread_blocked, id=6468, stack(0x00000071ddc00000,0x00000071ddd00000)]
=>0x00000185f1f88800 JavaThread "C2 CompilerThread0" daemon [_thread_in_native, id=10148, stack(0x00000071ddd00000,0x00000071dde00000)]
  0x00000185f1f8e000 JavaThread "C1 CompilerThread0" daemon [_thread_in_native, id=11592, stack(0x00000071dde00000,0x00000071ddf00000)]
  0x00000185f1f9d000 JavaThread "Sweeper thread" daemon [_thread_blocked, id=12532, stack(0x00000071ddf00000,0x00000071de000000)]
  0x00000185f2a79000 JavaThread "Service Thread" daemon [_thread_blocked, id=10124, stack(0x00000071de000000,0x00000071de100000)]
  0x00000185f2a86800 JavaThread "Common-Cleaner" daemon [_thread_blocked, id=10968, stack(0x00000071de200000,0x00000071de300000)]
  0x00000185f2da5000 JavaThread "Java2D Disposer" daemon [_thread_blocked, id=6920, stack(0x00000071de300000,0x00000071de400000)]
  0x00000185f2d6f000 JavaThread "AWT-Shutdown" [_thread_blocked, id=13796, stack(0x00000071de400000,0x00000071de500000)]
  0x00000185f2d72000 JavaThread "AWT-Windows" daemon [_thread_in_native, id=6560, stack(0x00000071de500000,0x00000071de600000)]
  0x00000185f317d800 JavaThread "C2 CompilerThread1" daemon [_thread_in_native, id=13756, stack(0x00000071de600000,0x00000071de700000)]

Other Threads:
  0x00000185f1f3e000 VMThread "VM Thread" [stack: 0x00000071dd800000,0x00000071dd900000] [id=9688]
  0x00000185f2a81000 WatcherThread [stack: 0x00000071de100000,0x00000071de200000] [id=13332]
  0x00000185d45f9800 GCTaskThread "GC Thread#0" [stack: 0x00000071dd300000,0x00000071dd400000] [id=10004]
  0x00000185d4620800 ConcurrentGCThread "G1 Main Marker" [stack: 0x00000071dd400000,0x00000071dd500000] [id=14164]
  0x00000185d4623000 ConcurrentGCThread "G1 Conc#0" [stack: 0x00000071dd500000,0x00000071dd600000] [id=5152]
  0x00000185d46a7800 ConcurrentGCThread "G1 Refine#0" [stack: 0x00000071dd600000,0x00000071dd700000] [id=13892]
  0x00000185d46a8800 ConcurrentGCThread "G1 Young RemSet Sampling" [stack: 0x00000071dd700000,0x00000071dd800000] [id=10280]

Threads with active compile tasks:
C2 CompilerThread0 481       4       jdk.internal.org.objectweb.asm.Frame::execute (2264 bytes)
C1 CompilerThread0 617       3       sun.awt.FontConfiguration::getComponentFontName (15 bytes)
C2 CompilerThread1 540       4       jdk.internal.org.objectweb.asm.ClassWriter::newUTF8 (70 bytes)

VM state:not at safepoint (normal execution)

VM Mutex/Monitor currently owned by a thread: None

Heap address: 0x00000000a0e00000, size: 1522 MB, Compressed Oops mode: 32-bit
Narrow klass base: 0x0000000000000000, Narrow klass shift: 3
Compressed class space size: 1073741824 Address: 0x0000000100000000

Heap:
 garbage-first heap   total 98304K, used 6144K [0x00000000a0e00000, 0x0000000100000000)
  region size 1024K, 7 young (7168K), 0 survivors (0K)
 Metaspace       used 10404K, capacity 10781K, committed 11008K, reserved 1058816K
  class space    used 1060K, capacity 1237K, committed 1280K, reserved 1048576K
Heap Regions: E=young(eden), S=young(survivor), O=old, HS=humongous(starts), HC=humongous(continues), CS=collection set, F=free, A=archive, TAMS=top-at-mark-start (previous, next)
|   0|0x00000000a0e00000, 0x00000000a0e00000, 0x00000000a0f00000|  0%| F|  |TAMS 0x00000000a0e00000, 0x00000000a0e00000| Untracked 
|   1|0x00000000a0f00000, 0x00000000a0f00000, 0x00000000a1000000|  0%| F|  |TAMS 0x00000000a0f00000, 0x00000000a0f00000| Untracked 
|   2|0x00000000a1000000, 0x00000000a1000000, 0x00000000a1100000|  0%| F|  |TAMS 0x00000000a1000000, 0x00000000a1000000| Untracked 
|   3|0x00000000a1100000, 0x00000000a1100000, 0x00000000a1200000|  0%| F|  |TAMS 0x00000000a1100000, 0x00000000a1100000| Untracked 
|   4|0x00000000a1200000, 0x00000000a1200000, 0x00000000a1300000|  0%| F|  |TAMS 0x00000000a1200000, 0x00000000a1200000| Untracked 
|   5|0x00000000a1300000, 0x00000000a1300000, 0x00000000a1400000|  0%| F|  |TAMS 0x00000000a1300000, 0x00000000a1300000| Untracked 
|   6|0x00000000a1400000, 0x00000000a1400000, 0x00000000a1500000|  0%| F|  |TAMS 0x00000000a1400000, 0x00000000a1400000| Untracked 
|   7|0x00000000a1500000, 0x00000000a1500000, 0x00000000a1600000|  0%| F|  |TAMS 0x00000000a1500000, 0x00000000a1500000| Untracked 
|   8|0x00000000a1600000, 0x00000000a1600000, 0x00000000a1700000|  0%| F|  |TAMS 0x00000000a1600000, 0x00000000a1600000| Untracked 
|   9|0x00000000a1700000, 0x00000000a1700000, 0x00000000a1800000|  0%| F|  |TAMS 0x00000000a1700000, 0x00000000a1700000| Untracked 
|  10|0x00000000a1800000, 0x00000000a1800000, 0x00000000a1900000|  0%| F|  |TAMS 0x00000000a1800000, 0x00000000a1800000| Untracked 
|  11|0x00000000a1900000, 0x00000000a1900000, 0x00000000a1a00000|  0%| F|  |TAMS 0x00000000a1900000, 0x00000000a1900000| Untracked 
|  12|0x00000000a1a00000, 0x00000000a1a00000, 0x00000000a1b00000|  0%| F|  |TAMS 0x00000000a1a00000, 0x00000000a1a00000| Untracked 
|  13|0x00000000a1b00000, 0x00000000a1b00000, 0x00000000a1c00000|  0%| F|  |TAMS 0x00000000a1b00000, 0x00000000a1b00000| Untracked 
|  14|0x00000000a1c00000, 0x00000000a1c00000, 0x00000000a1d00000|  0%| F|  |TAMS 0x00000000a1c00000, 0x00000000a1c00000| Untracked 
|  15|0x00000000a1d00000, 0x00000000a1d00000, 0x00000000a1e00000|  0%| F|  |TAMS 0x00000000a1d00000, 0x00000000a1d00000| Untracked 
|  16|0x00000000a1e00000, 0x00000000a1e00000, 0x00000000a1f00000|  0%| F|  |TAMS 0x00000000a1e00000, 0x00000000a1e00000| Untracked 
|  17|0x00000000a1f00000, 0x00000000a1f00000, 0x00000000a2000000|  0%| F|  |TAMS 0x00000000a1f00000, 0x00000000a1f00000| Untracked 
|  18|0x00000000a2000000, 0x00000000a2000000, 0x00000000a2100000|  0%| F|  |TAMS 0x00000000a2000000, 0x00000000a2000000| Untracked 
|  19|0x00000000a2100000, 0x00000000a2100000, 0x00000000a2200000|  0%| F|  |TAMS 0x00000000a2100000, 0x00000000a2100000| Untracked 
|  20|0x00000000a2200000, 0x00000000a2200000, 0x00000000a2300000|  0%| F|  |TAMS 0x00000000a2200000, 0x00000000a2200000| Untracked 
|  21|0x00000000a2300000, 0x00000000a2300000, 0x00000000a2400000|  0%| F|  |TAMS 0x00000000a2300000, 0x00000000a2300000| Untracked 
|  22|0x00000000a2400000, 0x00000000a2400000, 0x00000000a2500000|  0%| F|  |TAMS 0x00000000a2400000, 0x00000000a2400000| Untracked 
|  23|0x00000000a2500000, 0x00000000a2500000, 0x00000000a2600000|  0%| F|  |TAMS 0x00000000a2500000, 0x00000000a2500000| Untracked 
|  24|0x00000000a2600000, 0x00000000a2600000, 0x00000000a2700000|  0%| F|  |TAMS 0x00000000a2600000, 0x00000000a2600000| Untracked 
|  25|0x00000000a2700000, 0x00000000a2700000, 0x00000000a2800000|  0%| F|  |TAMS 0x00000000a2700000, 0x00000000a2700000| Untracked 
|  26|0x00000000a2800000, 0x00000000a2800000, 0x00000000a2900000|  0%| F|  |TAMS 0x00000000a2800000, 0x00000000a2800000| Untracked 
|  27|0x00000000a2900000, 0x00000000a2900000, 0x00000000a2a00000|  0%| F|  |TAMS 0x00000000a2900000, 0x00000000a2900000| Untracked 
|  28|0x00000000a2a00000, 0x00000000a2a00000, 0x00000000a2b00000|  0%| F|  |TAMS 0x00000000a2a00000, 0x00000000a2a00000| Untracked 
|  29|0x00000000a2b00000, 0x00000000a2b00000, 0x00000000a2c00000|  0%| F|  |TAMS 0x00000000a2b00000, 0x00000000a2b00000| Untracked 
|  30|0x00000000a2c00000, 0x00000000a2c00000, 0x00000000a2d00000|  0%| F|  |TAMS 0x00000000a2c00000, 0x00000000a2c00000| Untracked 
|  31|0x00000000a2d00000, 0x00000000a2d00000, 0x00000000a2e00000|  0%| F|  |TAMS 0x00000000a2d00000, 0x00000000a2d00000| Untracked 
|  32|0x00000000a2e00000, 0x00000000a2e00000, 0x00000000a2f00000|  0%| F|  |TAMS 0x00000000a2e00000, 0x00000000a2e00000| Untracked 
|  33|0x00000000a2f00000, 0x00000000a2f00000, 0x00000000a3000000|  0%| F|  |TAMS 0x00000000a2f00000, 0x00000000a2f00000| Untracked 
|  34|0x00000000a3000000, 0x00000000a3000000, 0x00000000a3100000|  0%| F|  |TAMS 0x00000000a3000000, 0x00000000a3000000| Untracked 
|  35|0x00000000a3100000, 0x00000000a3100000, 0x00000000a3200000|  0%| F|  |TAMS 0x00000000a3100000, 0x00000000a3100000| Untracked 
|  36|0x00000000a3200000, 0x00000000a3200000, 0x00000000a3300000|  0%| F|  |TAMS 0x00000000a3200000, 0x00000000a3200000| Untracked 
|  37|0x00000000a3300000, 0x00000000a3300000, 0x00000000a3400000|  0%| F|  |TAMS 0x00000000a3300000, 0x00000000a3300000| Untracked 
|  38|0x00000000a3400000, 0x00000000a3400000, 0x00000000a3500000|  0%| F|  |TAMS 0x00000000a3400000, 0x00000000a3400000| Untracked 
|  39|0x00000000a3500000, 0x00000000a3500000, 0x00000000a3600000|  0%| F|  |TAMS 0x00000000a3500000, 0x00000000a3500000| Untracked 
|  40|0x00000000a3600000, 0x00000000a3600000, 0x00000000a3700000|  0%| F|  |TAMS 0x00000000a3600000, 0x00000000a3600000| Untracked 
|  41|0x00000000a3700000, 0x00000000a3700000, 0x00000000a3800000|  0%| F|  |TAMS 0x00000000a3700000, 0x00000000a3700000| Untracked 
|  42|0x00000000a3800000, 0x00000000a3800000, 0x00000000a3900000|  0%| F|  |TAMS 0x00000000a3800000, 0x00000000a3800000| Untracked 
|  43|0x00000000a3900000, 0x00000000a3900000, 0x00000000a3a00000|  0%| F|  |TAMS 0x00000000a3900000, 0x00000000a3900000| Untracked 
|  44|0x00000000a3a00000, 0x00000000a3a00000, 0x00000000a3b00000|  0%| F|  |TAMS 0x00000000a3a00000, 0x00000000a3a00000| Untracked 
|  45|0x00000000a3b00000, 0x00000000a3b00000, 0x00000000a3c00000|  0%| F|  |TAMS 0x00000000a3b00000, 0x00000000a3b00000| Untracked 
|  46|0x00000000a3c00000, 0x00000000a3c00000, 0x00000000a3d00000|  0%| F|  |TAMS 0x00000000a3c00000, 0x00000000a3c00000| Untracked 
|  47|0x00000000a3d00000, 0x00000000a3d00000, 0x00000000a3e00000|  0%| F|  |TAMS 0x00000000a3d00000, 0x00000000a3d00000| Untracked 
|  48|0x00000000a3e00000, 0x00000000a3e00000, 0x00000000a3f00000|  0%| F|  |TAMS 0x00000000a3e00000, 0x00000000a3e00000| Untracked 
|  49|0x00000000a3f00000, 0x00000000a3f00000, 0x00000000a4000000|  0%| F|  |TAMS 0x00000000a3f00000, 0x00000000a3f00000| Untracked 
|  50|0x00000000a4000000, 0x00000000a4000000, 0x00000000a4100000|  0%| F|  |TAMS 0x00000000a4000000, 0x00000000a4000000| Untracked 
|  51|0x00000000a4100000, 0x00000000a4100000, 0x00000000a4200000|  0%| F|  |TAMS 0x00000000a4100000, 0x00000000a4100000| Untracked 
|  52|0x00000000a4200000, 0x00000000a4200000, 0x00000000a4300000|  0%| F|  |TAMS 0x00000000a4200000, 0x00000000a4200000| Untracked 
|  53|0x00000000a4300000, 0x00000000a4300000, 0x00000000a4400000|  0%| F|  |TAMS 0x00000000a4300000, 0x00000000a4300000| Untracked 
|  54|0x00000000a4400000, 0x00000000a4400000, 0x00000000a4500000|  0%| F|  |TAMS 0x00000000a4400000, 0x00000000a4400000| Untracked 
|  55|0x00000000a4500000, 0x00000000a4500000, 0x00000000a4600000|  0%| F|  |TAMS 0x00000000a4500000, 0x00000000a4500000| Untracked 
|  56|0x00000000a4600000, 0x00000000a4600000, 0x00000000a4700000|  0%| F|  |TAMS 0x00000000a4600000, 0x00000000a4600000| Untracked 
|  57|0x00000000a4700000, 0x00000000a4700000, 0x00000000a4800000|  0%| F|  |TAMS 0x00000000a4700000, 0x00000000a4700000| Untracked 
|  58|0x00000000a4800000, 0x00000000a4800000, 0x00000000a4900000|  0%| F|  |TAMS 0x00000000a4800000, 0x00000000a4800000| Untracked 
|  59|0x00000000a4900000, 0x00000000a4900000, 0x00000000a4a00000|  0%| F|  |TAMS 0x00000000a4900000, 0x00000000a4900000| Untracked 
|  60|0x00000000a4a00000, 0x00000000a4a00000, 0x00000000a4b00000|  0%| F|  |TAMS 0x00000000a4a00000, 0x00000000a4a00000| Untracked 
|  61|0x00000000a4b00000, 0x00000000a4b00000, 0x00000000a4c00000|  0%| F|  |TAMS 0x00000000a4b00000, 0x00000000a4b00000| Untracked 
|  62|0x00000000a4c00000, 0x00000000a4c00000, 0x00000000a4d00000|  0%| F|  |TAMS 0x00000000a4c00000, 0x00000000a4c00000| Untracked 
|  63|0x00000000a4d00000, 0x00000000a4d00000, 0x00000000a4e00000|  0%| F|  |TAMS 0x00000000a4d00000, 0x00000000a4d00000| Untracked 
|  64|0x00000000a4e00000, 0x00000000a4e00000, 0x00000000a4f00000|  0%| F|  |TAMS 0x00000000a4e00000, 0x00000000a4e00000| Untracked 
|  65|0x00000000a4f00000, 0x00000000a4f00000, 0x00000000a5000000|  0%| F|  |TAMS 0x00000000a4f00000, 0x00000000a4f00000| Untracked 
|  66|0x00000000a5000000, 0x00000000a5000000, 0x00000000a5100000|  0%| F|  |TAMS 0x00000000a5000000, 0x00000000a5000000| Untracked 
|  67|0x00000000a5100000, 0x00000000a5100000, 0x00000000a5200000|  0%| F|  |TAMS 0x00000000a5100000, 0x00000000a5100000| Untracked 
|  68|0x00000000a5200000, 0x00000000a5200000, 0x00000000a5300000|  0%| F|  |TAMS 0x00000000a5200000, 0x00000000a5200000| Untracked 
|  69|0x00000000a5300000, 0x00000000a5300000, 0x00000000a5400000|  0%| F|  |TAMS 0x00000000a5300000, 0x00000000a5300000| Untracked 
|  70|0x00000000a5400000, 0x00000000a5400000, 0x00000000a5500000|  0%| F|  |TAMS 0x00000000a5400000, 0x00000000a5400000| Untracked 
|  71|0x00000000a5500000, 0x00000000a5500000, 0x00000000a5600000|  0%| F|  |TAMS 0x00000000a5500000, 0x00000000a5500000| Untracked 
|  72|0x00000000a5600000, 0x00000000a5600000, 0x00000000a5700000|  0%| F|  |TAMS 0x00000000a5600000, 0x00000000a5600000| Untracked 
|  73|0x00000000a5700000, 0x00000000a5700000, 0x00000000a5800000|  0%| F|  |TAMS 0x00000000a5700000, 0x00000000a5700000| Untracked 
|  74|0x00000000a5800000, 0x00000000a5800000, 0x00000000a5900000|  0%| F|  |TAMS 0x00000000a5800000, 0x00000000a5800000| Untracked 
|  75|0x00000000a5900000, 0x00000000a5900000, 0x00000000a5a00000|  0%| F|  |TAMS 0x00000000a5900000, 0x00000000a5900000| Untracked 
|  76|0x00000000a5a00000, 0x00000000a5a00000, 0x00000000a5b00000|  0%| F|  |TAMS 0x00000000a5a00000, 0x00000000a5a00000| Untracked 
|  77|0x00000000a5b00000, 0x00000000a5b00000, 0x00000000a5c00000|  0%| F|  |TAMS 0x00000000a5b00000, 0x00000000a5b00000| Untracked 
|  78|0x00000000a5c00000, 0x00000000a5c00000, 0x00000000a5d00000|  0%| F|  |TAMS 0x00000000a5c00000, 0x00000000a5c00000| Untracked 
|  79|0x00000000a5d00000, 0x00000000a5d00000, 0x00000000a5e00000|  0%| F|  |TAMS 0x00000000a5d00000, 0x00000000a5d00000| Untracked 
|  80|0x00000000a5e00000, 0x00000000a5e00000, 0x00000000a5f00000|  0%| F|  |TAMS 0x00000000a5e00000, 0x00000000a5e00000| Untracked 
|  81|0x00000000a5f00000, 0x00000000a5f00000, 0x00000000a6000000|  0%| F|  |TAMS 0x00000000a5f00000, 0x00000000a5f00000| Untracked 
|  82|0x00000000a6000000, 0x00000000a6000000, 0x00000000a6100000|  0%| F|  |TAMS 0x00000000a6000000, 0x00000000a6000000| Untracked 
|  83|0x00000000a6100000, 0x00000000a6100000, 0x00000000a6200000|  0%| F|  |TAMS 0x00000000a6100000, 0x00000000a6100000| Untracked 
|  84|0x00000000a6200000, 0x00000000a6200000, 0x00000000a6300000|  0%| F|  |TAMS 0x00000000a6200000, 0x00000000a6200000| Untracked 
|  85|0x00000000a6300000, 0x00000000a6300000, 0x00000000a6400000|  0%| F|  |TAMS 0x00000000a6300000, 0x00000000a6300000| Untracked 
|  86|0x00000000a6400000, 0x00000000a6400000, 0x00000000a6500000|  0%| F|  |TAMS 0x00000000a6400000, 0x00000000a6400000| Untracked 
|  87|0x00000000a6500000, 0x00000000a6500000, 0x00000000a6600000|  0%| F|  |TAMS 0x00000000a6500000, 0x00000000a6500000| Untracked 
|  88|0x00000000a6600000, 0x00000000a6600000, 0x00000000a6700000|  0%| F|  |TAMS 0x00000000a6600000, 0x00000000a6600000| Untracked 
|  89|0x00000000a6700000, 0x00000000a67f64c8, 0x00000000a6800000| 96%| E|  |TAMS 0x00000000a6700000, 0x00000000a6700000| Complete 
|  90|0x00000000a6800000, 0x00000000a6900000, 0x00000000a6900000|100%| E|CS|TAMS 0x00000000a6800000, 0x00000000a6800000| Complete 
|  91|0x00000000a6900000, 0x00000000a6a00000, 0x00000000a6a00000|100%| E|CS|TAMS 0x00000000a6900000, 0x00000000a6900000| Complete 
|  92|0x00000000a6a00000, 0x00000000a6b00000, 0x00000000a6b00000|100%| E|CS|TAMS 0x00000000a6a00000, 0x00000000a6a00000| Complete 
|  93|0x00000000a6b00000, 0x00000000a6c00000, 0x00000000a6c00000|100%| E|CS|TAMS 0x00000000a6b00000, 0x00000000a6b00000| Complete 
|  94|0x00000000a6c00000, 0x00000000a6d00000, 0x00000000a6d00000|100%| E|CS|TAMS 0x00000000a6c00000, 0x00000000a6c00000| Complete 
|  95|0x00000000a6d00000, 0x00000000a6e00000, 0x00000000a6e00000|100%| E|CS|TAMS 0x00000000a6d00000, 0x00000000a6d00000| Complete 

Card table byte_map: [0x00000185ebf80000,0x00000185ec280000] _byte_map_base: 0x00000185eba79000

Marking Bits (Prev, Next): (CMBitMap*) 0x00000185d4618cd8, (CMBitMap*) 0x00000185d4618d10
 Prev Bits: [0x00000185ec580000, 0x00000185edd48000)
 Next Bits: [0x00000185edd50000, 0x00000185ef518000)

Polling page: 0x00000185d2450000

Metaspace:

Usage:
  Non-class:      9.38 MB capacity,     9.21 MB ( 98%) used,   145.11 KB (  2%) free+waste,    32.56 KB ( <1%) overhead. 
      Class:      1.21 MB capacity,     1.04 MB ( 86%) used,   152.95 KB ( 12%) free+waste,    18.44 KB (  1%) overhead. 
       Both:     10.59 MB capacity,    10.25 MB ( 97%) used,   298.05 KB (  3%) free+waste,    51.00 KB ( <1%) overhead. 

Virtual space:
  Non-class space:       10.00 MB reserved,       9.50 MB ( 95%) committed 
      Class space:        1.00 GB reserved,       1.25 MB ( <1%) committed 
             Both:        1.01 GB reserved,      10.75 MB (  1%) committed 

Chunk freelists:
   Non-Class:  7.00 KB
       Class:  0 bytes
        Both:  7.00 KB

CodeHeap 'non-profiled nmethods': size=120000Kb used=166Kb max_used=166Kb free=119834Kb
 bounds [0x00000185e4420000, 0x00000185e4690000, 0x00000185eb950000]
CodeHeap 'profiled nmethods': size=120000Kb used=1066Kb max_used=1066Kb free=118934Kb
 bounds [0x00000185dcef0000, 0x00000185dd160000, 0x00000185e4420000]
CodeHeap 'non-nmethods': size=5760Kb used=1127Kb max_used=1131Kb free=4632Kb
 bounds [0x00000185dc950000, 0x00000185dcbc0000, 0x00000185dcef0000]
 total_blobs=1162 nmethods=617 adapters=360
 compilation: enabled
              stopped_count=0, restarted_count=0
 full_count=0

Compilation events (10 events):
Event: 0.420 Thread 0x00000185f1f8e000 nmethod 585 0x00000185dcfe7710 code [0x00000185dcfe79e0, 0x00000185dcfe85e0]
Event: 0.420 Thread 0x00000185f1f8e000  584       3       java.util.HashMap::afterNodeAccess (1 bytes)
Event: 0.420 Thread 0x00000185f1f8e000 nmethod 584 0x00000185dcfe8a90 code [0x00000185dcfe8c40, 0x00000185dcfe8d98]
Event: 0.420 Thread 0x00000185f1f8e000  583       3       java.lang.StringUTF16::getChar (60 bytes)
Event: 0.420 Thread 0x00000185f1f8e000 nmethod 583 0x00000185dcfe8e10 code [0x00000185dcfe8fc0, 0x00000185dcfe9178]
Event: 0.420 Thread 0x00000185f1f8e000  581       1       java.lang.invoke.StringConcatFactory$RecipeElement::getTag (5 bytes)
Event: 0.420 Thread 0x00000185f1f8e000 nmethod 581 0x00000185e4448890 code [0x00000185e4448a40, 0x00000185e4448b58]
Event: 0.421 Thread 0x00000185f1f8e000  587       3       java.util.ArrayList::newCapacity (65 bytes)
Event: 0.422 Thread 0x00000185f1f8e000 nmethod 587 0x00000185dcfe9290 code [0x00000185dcfe94a0, 0x00000185dcfe9a80]
Event: 0.422 Thread 0x00000185f1f8e000  588       3       java.lang.invoke.LambdaFormBuffer::growNames (281 bytes)

GC Heap History (0 events):
No events

Deoptimization events (2 events):
Event: 0.085 Thread 0x00000185d45e4000 Uncommon trap: reason=unstable_if action=reinterpret pc=0x00000185e442567c method=java.lang.String.hashCode()I @ 14 c2
Event: 0.417 Thread 0x00000185d45e4000 Uncommon trap: reason=unstable_if action=reinterpret pc=0x00000185e442a8f8 method=java.lang.String.isLatin1()Z @ 10 c2

Classes redefined (0 events):
No events

Internal exceptions (10 events):
Event: 0.195 Thread 0x00000185d45e4000 Exception <a 'java/lang/NoSuchMethodError'{0x00000000a6b72068}: java.lang.invoke.DelegatingMethodHandle$Holder.reinvoke_L(Ljava/lang/Object;IILjava/lang/Object;Ljava/lang/Object;Ljava/lang/Object;)Ljava/lang/Object;> (0x00000000a6b72068) thrown at [t:/wor
Event: 0.195 Thread 0x00000185d45e4000 Exception <a 'java/lang/NoSuchMethodError'{0x00000000a6b76148}: java.lang.invoke.DirectMethodHandle$Holder.invokeStatic(Ljava/lang/Object;Ljava/lang/Object;Ljava/lang/Object;Ljava/lang/Object;I)Ljava/lang/Object;> (0x00000000a6b76148) thrown at [t:/worksp
Event: 0.205 Thread 0x00000185d45e4000 Exception <a 'java/io/FileNotFoundException'{0x00000000a6bd8cb8}> (0x00000000a6bd8cb8) thrown at [t:/workspace/open/src/hotspot/share/prims/jni.cpp, line 615]
Event: 0.276 Thread 0x00000185f2d72000 Exception <a 'java/lang/NoSuchMethodError'{0x00000000a6afb630}: java.lang.invoke.DirectMethodHandle$Holder.invokeSpecial(Ljava/lang/Object;Ljava/lang/Object;)V> (0x00000000a6afb630) thrown at [t:/workspace/open/src/hotspot/share/interpreter/linkResolver.c
Event: 0.280 Thread 0x00000185d45e4000 Exception <a 'java/lang/NoSuchMethodError'{0x00000000a6aa5258}: java.lang.invoke.DirectMethodHandle$Holder.invokeStatic(Ljava/lang/Object;Ljava/lang/Object;Ljava/lang/Object;Ljava/lang/Object;Ljava/lang/Object;Ljava/lang/Object;Ljava/lang/Object;Ljava/lan
Event: 0.282 Thread 0x00000185d45e4000 Exception <a 'java/lang/NoSuchMethodError'{0x00000000a6abf330}: java.lang.invoke.DirectMethodHandle$Holder.invokeStatic(Ljava/lang/Object;Ljava/lang/Object;Ljava/lang/Object;Ljava/lang/Object;Ljava/lang/Object;Ljava/lang/Object;Ljava/lang/Object;Ljava/lan
Event: 0.335 Thread 0x00000185d45e4000 Exception <a 'java/lang/NoSuchMethodError'{0x00000000a6830fd8}: java.lang.invoke.DirectMethodHandle$Holder.invokeStatic(Ljava/lang/Object;ILjava/lang/Object;Ljava/lang/Object;Ljava/lang/Object;Ljava/lang/Object;)Ljava/lang/Object;> (0x00000000a6830fd8) th
Event: 0.336 Thread 0x00000185d45e4000 Exception <a 'java/lang/NoSuchMethodError'{0x00000000a6837df0}: java.lang.invoke.DirectMethodHandle$Holder.invokeStatic(Ljava/lang/Object;ILjava/lang/Object;Ljava/lang/Object;Ljava/lang/Object;)Ljava/lang/Object;> (0x00000000a6837df0) thrown at [t:/worksp
Event: 0.336 Thread 0x00000185d45e4000 Exception <a 'java/lang/NoSuchMethodError'{0x00000000a683b930}: java.lang.invoke.DirectMethodHandle$Holder.invokeSpecial(Ljava/lang/Object;Ljava/lang/Object;ILjava/lang/Object;Ljava/lang/Object;Ljava/lang/Object;)Ljava/lang/Object;> (0x00000000a683b930) t
Event: 0.339 Thread 0x00000185d45e4000 Exception <a 'java/lang/NoSuchMethodError'{0x00000000a6853208}: java.lang.invoke.DirectMethodHandle$Holder.invokeStatic(Ljava/lang/Object;ILjava/lang/Object;)Ljava/lang/Object;> (0x00000000a6853208) thrown at [t:/workspace/open/src/hotspot/share/interpret

Events (10 events):
Event: 0.415 loading class java/io/DataInput
Event: 0.415 loading class java/io/DataInput done
Event: 0.415 loading class java/io/DataInputStream done
Event: 0.417 Thread 0x00000185d45e4000 Uncommon trap: trap_request=0xffffff4d fr.pc=0x00000185e442a8f8 relative=0x0000000000000058
Event: 0.417 Thread 0x00000185d45e4000 DEOPT PACKING pc=0x00000185e442a8f8 sp=0x00000071dd2fa700
Event: 0.417 Thread 0x00000185d45e4000 DEOPT UNPACKING pc=0x00000185dc978f2f sp=0x00000071dd2fa690 mode 2
Event: 0.417 loading class java/lang/Short$ShortCache
Event: 0.417 loading class java/lang/Short$ShortCache done
Event: 0.418 loading class java/util/StringTokenizer
Event: 0.418 loading class java/util/StringTokenizer done


Dynamic libraries:
0x00007ff728820000 - 0x00007ff728867000 	D:\ProGram\bin\java.exe
0x00007ffdf75b0000 - 0x00007ffdf779d000 	C:\Windows\SYSTEM32\ntdll.dll
0x00007ffdf4af0000 - 0x00007ffdf4ba3000 	C:\Windows\System32\KERNEL32.DLL
0x00007ffdf3dc0000 - 0x00007ffdf4053000 	C:\Windows\System32\KERNELBASE.dll
0x00007ffdf74d0000 - 0x00007ffdf7573000 	C:\Windows\System32\ADVAPI32.dll
0x00007ffdf6650000 - 0x00007ffdf66ee000 	C:\Windows\System32\msvcrt.dll
0x00007ffdf73d0000 - 0x00007ffdf746e000 	C:\Windows\System32\sechost.dll
0x00007ffdf6df0000 - 0x00007ffdf6f12000 	C:\Windows\System32\RPCRT4.dll
0x00007ffdf68a0000 - 0x00007ffdf6a37000 	C:\Windows\System32\USER32.dll
0x00007ffdf4740000 - 0x00007ffdf4760000 	C:\Windows\System32\win32u.dll
0x00007ffdf73a0000 - 0x00007ffdf73c9000 	C:\Windows\System32\GDI32.dll
0x00007ffdf40f0000 - 0x00007ffdf4289000 	C:\Windows\System32\gdi32full.dll
0x00007ffdf4390000 - 0x00007ffdf4430000 	C:\Windows\System32\msvcp_win.dll
0x00007ffdf4290000 - 0x00007ffdf438a000 	C:\Windows\System32\ucrtbase.dll
0x00007ffdeebe0000 - 0x00007ffdeebea000 	C:\Windows\SYSTEM32\VERSION.dll
0x00007ffdde3b0000 - 0x00007ffdde629000 	C:\Windows\WinSxS\amd64_microsoft.windows.common-controls_6595b64144ccf1df_6.0.17763.1098_none_de762ed45346ee8a\COMCTL32.dll
0x00007ffdf60b0000 - 0x00007ffdf63dc000 	C:\Windows\System32\combase.dll
0x00007ffdf4430000 - 0x00007ffdf44ae000 	C:\Windows\System32\bcryptPrimitives.dll
0x00007ffdf6ce0000 - 0x00007ffdf6d0e000 	C:\Windows\System32\IMM32.DLL
0x00007ffdd0f50000 - 0x00007ffdd0f66000 	D:\ProGram\bin\vcruntime140.dll
0x00007ffdabd60000 - 0x00007ffdabe0a000 	D:\ProGram\bin\msvcp140.dll
0x00007ffdac0a0000 - 0x00007ffdacbc8000 	D:\ProGram\bin\server\jvm.dll
0x00007ffdf6d10000 - 0x00007ffdf6d18000 	C:\Windows\System32\PSAPI.DLL
0x00007ffdf11e0000 - 0x00007ffdf1204000 	C:\Windows\SYSTEM32\WINMM.dll
0x00007ffde5890000 - 0x00007ffde5899000 	C:\Windows\SYSTEM32\WSOCK32.dll
0x00007ffdf65e0000 - 0x00007ffdf664d000 	C:\Windows\System32\WS2_32.dll
0x00007ffdf11b0000 - 0x00007ffdf11dd000 	C:\Windows\SYSTEM32\WINMMBASE.dll
0x00007ffdf4780000 - 0x00007ffdf47ca000 	C:\Windows\System32\cfgmgr32.dll
0x00007ffdf35a0000 - 0x00007ffdf35b1000 	C:\Windows\System32\kernel.appcore.dll
0x00007ffdbcbd0000 - 0x00007ffdbcbe1000 	D:\ProGram\bin\verify.dll
0x00007ffde4930000 - 0x00007ffde4b1d000 	C:\Windows\SYSTEM32\DBGHELP.DLL
0x00007ffddfd60000 - 0x00007ffddfd8a000 	C:\Windows\SYSTEM32\dbgcore.DLL
0x00007ffdac030000 - 0x00007ffdac059000 	D:\ProGram\bin\java.dll
0x00007ffdac010000 - 0x00007ffdac026000 	D:\ProGram\bin\zip.dll
0x00007ffdce6e0000 - 0x00007ffdce6ea000 	D:\ProGram\bin\jimage.dll
0x00007ffdf4bb0000 - 0x00007ffdf60a4000 	C:\Windows\System32\SHELL32.dll
0x00007ffdf63e0000 - 0x00007ffdf6488000 	C:\Windows\System32\shcore.dll
0x00007ffdf3670000 - 0x00007ffdf3dbd000 	C:\Windows\System32\windows.storage.dll
0x00007ffdf35c0000 - 0x00007ffdf35e4000 	C:\Windows\System32\profapi.dll
0x00007ffdf35f0000 - 0x00007ffdf364d000 	C:\Windows\System32\powrprof.dll
0x00007ffdf7470000 - 0x00007ffdf74c2000 	C:\Windows\System32\shlwapi.dll
0x00007ffdf4760000 - 0x00007ffdf4777000 	C:\Windows\System32\cryptsp.dll
0x00007ffdabe10000 - 0x00007ffdabfaf000 	D:\ProGram\bin\awt.dll
0x00007ffdf6d20000 - 0x00007ffdf6de4000 	C:\Windows\System32\OLEAUT32.dll
0x00007ffdf0a20000 - 0x00007ffdf0fde000 	C:\Windows\SYSTEM32\d2d1.dll
0x00007ffdf18e0000 - 0x00007ffdf196c000 	C:\Windows\SYSTEM32\apphelp.dll
0x00007ffdf1b70000 - 0x00007ffdf1c0c000 	C:\Windows\system32\uxtheme.dll
0x00007ffdf6b70000 - 0x00007ffdf6cdb000 	C:\Windows\System32\MSCTF.dll
0x00007ffdf1c40000 - 0x00007ffdf1c6e000 	C:\Windows\system32\dwmapi.dll
0x00007ffdf4560000 - 0x00007ffdf473c000 	C:\Windows\System32\CRYPT32.dll
0x00007ffdf3650000 - 0x00007ffdf3662000 	C:\Windows\System32\MSASN1.dll
0x00007ffdf48e0000 - 0x00007ffdf4a35000 	C:\Windows\System32\ole32.dll
0x00007ffdaba40000 - 0x00007ffdabac3000 	D:\ProGram\bin\freetype.dll
0x00007ffdab990000 - 0x00007ffdaba3b000 	D:\ProGram\bin\fontmanager.dll

dbghelp: loaded successfully - version: 4.0.5 - missing functions: none
symbol engine: initialized successfully - sym options: 0x614 - pdb path: .;D:\ProGram\bin;C:\Windows\SYSTEM32;C:\Windows\WinSxS\amd64_microsoft.windows.common-controls_6595b64144ccf1df_6.0.17763.1098_none_de762ed45346ee8a;D:\ProGram\bin\server

VM Arguments:
java_command: com.mycompany.shopcoffee.Coffee
java_class_path (initial): C:\Users\COMPUTER\Documents\NetBeansProjects\SHOPcoffee\target\classes
Launcher Type: SUN_STANDARD

[Global flags]
     intx CICompilerCount                          = 4                                         {product} {ergonomic}
     uint ConcGCThreads                            = 2                                         {product} {ergonomic}
     uint G1ConcRefinementThreads                  = 8                                         {product} {ergonomic}
   size_t G1HeapRegionSize                         = 1048576                                   {product} {ergonomic}
    uintx GCDrainStackTargetSize                   = 64                                        {product} {ergonomic}
   size_t InitialHeapSize                          = 100663296                                 {product} {ergonomic}
   size_t MarkStackSize                            = 4194304                                   {product} {ergonomic}
   size_t MaxHeapSize                              = 1595932672                                {product} {ergonomic}
   size_t MaxNewSize                               = 957349888                                 {product} {ergonomic}
   size_t MinHeapDeltaBytes                        = 1048576                                   {product} {ergonomic}
    uintx NonNMethodCodeHeapSize                   = 5836300                                {pd product} {ergonomic}
    uintx NonProfiledCodeHeapSize                  = 122910970                              {pd product} {ergonomic}
    uintx ProfiledCodeHeapSize                     = 122910970                              {pd product} {ergonomic}
    uintx ReservedCodeCacheSize                    = 251658240                              {pd product} {ergonomic}
     bool SegmentedCodeCache                       = true                                      {product} {ergonomic}
     bool UseCompressedClassPointers               = true                                 {lp64_product} {ergonomic}
     bool UseCompressedOops                        = true                                 {lp64_product} {ergonomic}
     bool UseG1GC                                  = true                                      {product} {ergonomic}
     bool UseLargePagesIndividualAllocation        = false                                  {pd product} {ergonomic}

Logging:
Log output configuration:
 #0: stdout all=warning uptime,level,tags
 #1: stderr all=off uptime,level,tags

Environment Variables:
JAVA_HOME=D:\ProGram
PATH=C:\Windows\system32;C:\Windows;C:\Windows\System32\Wbem;C:\Windows\System32\WindowsPowerShell\v1.0\;C:\Windows\System32\OpenSSH\;C:\Program Files\dotnet\;C:\Program Files\Microsoft SQL Server\130\Tools\Binn\;C:\Users\COMPUTER\AppData\Local\Microsoft\WindowsApps;C:\Users\COMPUTER\AppData\Local\GitHubDesktop\bin;D:\ProGram\IntelliJ IDEA 2019.3.1\bin;;D:\ProGram\IntelliJ IDEA Community Edition 2019.3.1\bin;
USERNAME=COMPUTER
OS=Windows_NT
PROCESSOR_IDENTIFIER=AMD64 Family 23 Model 24 Stepping 1, AuthenticAMD



---------------  S Y S T E M  ---------------

OS: Windows 10 , 64 bit Build 17763 (10.0.17763.475)

CPU:total 8 (initial active 8) (8 cores per cpu, 2 threads per core) family 23 model 24 stepping 1, cmov, cx8, fxsr, mmx, sse, sse2, sse3, ssse3, sse4.1, sse4.2, popcnt, avx, avx2, aes, clmul, mmxext, 3dnowpref, lzcnt, sse4a, ht, tsc, tscinvbit, tscinv, bmi1, bmi2, adx, sha, fma

Memory: 4k page, system-wide physical 6082M (438M free)
TotalPageFile size 24514M (AvailPageFile size 1M)
current process WorkingSet (physical memory assigned to process): 55M, peak: 55M
current process commit charge ("private bytes"): 187M, peak: 187M

vm_info: Java HotSpot(TM) 64-Bit Server VM (11.0.5+10-LTS) for windows-amd64 JRE (11.0.5+10-LTS), built on Oct  6 2019 12:37:14 by "mach5one" with MS VC++ 15.5 (VS2017)

END.
