#
# There is insufficient memory for the Java Runtime Environment to continue.
# Native memory allocation (malloc) failed to allocate 1001216 bytes for Chunk::new
# Possible reasons:
#   The system is out of physical RAM or swap space
#   The process is running with CompressedOops enabled, and the Java Heap may be blocking the growth of the native heap
# Possible solutions:
#   Reduce memory load on the system
#   Increase physical memory or swap space
#   Check if swap backing store is full
#   Decrease Java heap size (-Xmx/-Xms)
#   Decrease number of Java threads
#   Decrease Java thread stack sizes (-Xss)
#   Set larger code cache with -XX:ReservedCodeCacheSize=
#   JVM is running with Unscaled Compressed Oops mode in which the Java heap is
#     placed in the first 4GB address space. The Java Heap base address is the
#     maximum limit for the native heap growth. Please use -XX:HeapBaseMinAddress
#     to set the Java Heap base and to place the Java Heap above 4GB virtual address.
# This output file may be truncated or incomplete.
#
#  Out of Memory Error (t:/workspace/open/src/hotspot/share/memory/arena.cpp:197), pid=2276, tid=11832
#
# JRE version: Java(TM) SE Runtime Environment (11.0.5+10) (build 11.0.5+10-LTS)
# Java VM: Java HotSpot(TM) 64-Bit Server VM (11.0.5+10-LTS, mixed mode, tiered, compressed oops, g1 gc, windows-amd64)
# No core dump will be written. Minidumps are not enabled by default on client versions of Windows
#

---------------  S U M M A R Y ------------

Command Line: -Dclassworlds.conf=D:\ProGram\NetBeans-11.2\netbeans\java\maven\bin\m2.conf -Dmaven.home=D:\ProGram\NetBeans-11.2\netbeans\java\maven -Dmaven.multiModuleProjectDirectory=C:\Users\COMPUTER\Documents\NetBeansProjects\SHOPcoffee org.codehaus.plexus.classworlds.launcher.Launcher -Dexec.args=-classpath %classpath com.mycompany.shopcoffee.Coffee -Dexec.executable=D:\ProGram\bin\java.exe -Dmaven.ext.class.path=D:\ProGram\NetBeans-11.2\netbeans\java\maven-nblib\netbeans-eventspy.jar -Dfile.encoding=UTF-8 process-classes org.codehaus.mojo:exec-maven-plugin:1.5.0:exec

Host: AMD Ryzen 5 3550H with Radeon Vega Mobile Gfx  , 8 cores, 5G,  Windows 10 , 64 bit Build 17763 (10.0.17763.475)
Time: Wed Mar 18 22:28:07 2020 SE Asia Standard Time elapsed time: 3 seconds (0d 0h 0m 3s)

---------------  T H R E A D  ---------------

Current thread (0x000001817f83c800):  JavaThread "C2 CompilerThread0" daemon [_thread_in_native, id=11832, stack(0x0000007247a00000,0x0000007247b00000)]


Current CompileTask:
C2:   3200 4447       4       com.sun.tools.javac.comp.Resolve::findField (316 bytes)

Stack: [0x0000007247a00000,0x0000007247b00000]
Native frames: (J=compiled Java code, j=interpreted, Vv=VM code, C=native code)
V  [jvm.dll+0x63611a]
V  [jvm.dll+0x77426f]
V  [jvm.dll+0x77591a]
V  [jvm.dll+0x775fd3]
V  [jvm.dll+0x25e608]
V  [jvm.dll+0xc1f31]
V  [jvm.dll+0xc24bc]
V  [jvm.dll+0x2cf5c4]
V  [jvm.dll+0x55278f]
V  [jvm.dll+0x21a5cf]
V  [jvm.dll+0x217506]
V  [jvm.dll+0x1941bc]
V  [jvm.dll+0x226684]
V  [jvm.dll+0x224c78]
V  [jvm.dll+0x7396cd]
V  [jvm.dll+0x6351c2]
C  [ucrtbase.dll+0x21ffa]
C  [KERNEL32.DLL+0x17974]
C  [ntdll.dll+0x6a261]


---------------  P R O C E S S  ---------------

Threads class SMR info:
_java_thread_list=0x000001811715f3d0, length=12, elements={
0x0000018173d7d800, 0x000001817f816000, 0x000001817f818800, 0x000001817f9b3000,
0x000001817f83a800, 0x000001817f83c800, 0x000001817f83e000, 0x000001817f844800,
0x000001817fafa800, 0x000001817faff000, 0x0000018114a86800, 0x0000018118b16800
}

Java Threads: ( => current thread )
  0x0000018173d7d800 JavaThread "main" [_thread_blocked, id=13792, stack(0x0000007246f00000,0x0000007247000000)]
  0x000001817f816000 JavaThread "Reference Handler" daemon [_thread_blocked, id=7976, stack(0x0000007247600000,0x0000007247700000)]
  0x000001817f818800 JavaThread "Finalizer" daemon [_thread_blocked, id=13804, stack(0x0000007247700000,0x0000007247800000)]
  0x000001817f9b3000 JavaThread "Signal Dispatcher" daemon [_thread_blocked, id=2512, stack(0x0000007247800000,0x0000007247900000)]
  0x000001817f83a800 JavaThread "Attach Listener" daemon [_thread_blocked, id=13092, stack(0x0000007247900000,0x0000007247a00000)]
=>0x000001817f83c800 JavaThread "C2 CompilerThread0" daemon [_thread_in_native, id=11832, stack(0x0000007247a00000,0x0000007247b00000)]
  0x000001817f83e000 JavaThread "C1 CompilerThread0" daemon [_thread_blocked, id=13208, stack(0x0000007247b00000,0x0000007247c00000)]
  0x000001817f844800 JavaThread "Sweeper thread" daemon [_thread_blocked, id=7508, stack(0x0000007247c00000,0x0000007247d00000)]
  0x000001817fafa800 JavaThread "Service Thread" daemon [_thread_blocked, id=10264, stack(0x0000007247d00000,0x0000007247e00000)]
  0x000001817faff000 JavaThread "Common-Cleaner" daemon [_thread_blocked, id=1204, stack(0x0000007247f00000,0x0000007248000000)]
  0x0000018114a86800 JavaThread "C2 CompilerThread1" daemon [_thread_in_native, id=7424, stack(0x0000007248000000,0x0000007248100000)]
  0x0000018118b16800 JavaThread "Exec Input Stream Pumper" daemon [_thread_blocked, id=7344, stack(0x0000007248500000,0x0000007248600000)]

Other Threads:
  0x000001817f7f2800 VMThread "VM Thread" [stack: 0x0000007247500000,0x0000007247600000] [id=8740]
  0x000001817fafd800 WatcherThread [stack: 0x0000007247e00000,0x0000007247f00000] [id=9628]
  0x0000018175e6b000 GCTaskThread "GC Thread#0" [stack: 0x0000007247000000,0x0000007247100000] [id=13224]
  0x0000018114a69800 GCTaskThread "GC Thread#1" [stack: 0x0000007248100000,0x0000007248200000] [id=10452]
  0x0000018175e92000 ConcurrentGCThread "G1 Main Marker" [stack: 0x0000007247100000,0x0000007247200000] [id=11876]
  0x0000018175e93000 ConcurrentGCThread "G1 Conc#0" [stack: 0x0000007247200000,0x0000007247300000] [id=5888]
  0x0000018115784800 ConcurrentGCThread "G1 Conc#1" [stack: 0x0000007248200000,0x0000007248300000] [id=1240]
  0x0000018175f19800 ConcurrentGCThread "G1 Refine#0" [stack: 0x0000007247300000,0x0000007247400000] [id=1212]
  0x0000018175f1e800 ConcurrentGCThread "G1 Young RemSet Sampling" [stack: 0x0000007247400000,0x0000007247500000] [id=13520]

Threads with active compile tasks:
C2 CompilerThread04447       4       com.sun.tools.javac.comp.Resolve::findField (316 bytes)
C2 CompilerThread14446       4       com.sun.tools.javac.comp.Resolve::findInheritedMemberType (186 bytes)

VM state:not at safepoint (normal execution)

VM Mutex/Monitor currently owned by a thread: None

Heap address: 0x00000000a0e00000, size: 1522 MB, Compressed Oops mode: 32-bit
Narrow klass base: 0x0000000000000000, Narrow klass shift: 3
Compressed class space size: 1073741824 Address: 0x0000000100000000

Heap:
 garbage-first heap   total 98304K, used 63213K [0x00000000a0e00000, 0x0000000100000000)
  region size 1024K, 57 young (58368K), 8 survivors (8192K)
 Metaspace       used 31281K, capacity 31952K, committed 32048K, reserved 1077248K
  class space    used 3392K, capacity 3656K, committed 3712K, reserved 1048576K
Heap Regions: E=young(eden), S=young(survivor), O=old, HS=humongous(starts), HC=humongous(continues), CS=collection set, F=free, A=archive, TAMS=top-at-mark-start (previous, next)
|   0|0x00000000a0e00000, 0x00000000a0f00000, 0x00000000a0f00000|100%| O|  |TAMS 0x00000000a0f00000, 0x00000000a0e00000| Untracked 
|   1|0x00000000a0f00000, 0x00000000a1000000, 0x00000000a1000000|100%| O|  |TAMS 0x00000000a1000000, 0x00000000a0f00000| Untracked 
|   2|0x00000000a1000000, 0x00000000a1100000, 0x00000000a1100000|100%| O|  |TAMS 0x00000000a1100000, 0x00000000a1000000| Untracked 
|   3|0x00000000a1100000, 0x00000000a1200000, 0x00000000a1200000|100%| O|  |TAMS 0x00000000a1111000, 0x00000000a1100000| Untracked 
|   4|0x00000000a1200000, 0x00000000a1300000, 0x00000000a1300000|100%| O|  |TAMS 0x00000000a1200000, 0x00000000a1200000| Untracked 
|   5|0x00000000a1300000, 0x00000000a13bb400, 0x00000000a1400000| 73%| O|  |TAMS 0x00000000a1300000, 0x00000000a1300000| Untracked 
|   6|0x00000000a1400000, 0x00000000a1400000, 0x00000000a1500000|  0%| F|  |TAMS 0x00000000a1400000, 0x00000000a1400000| Untracked 
|   7|0x00000000a1500000, 0x00000000a1500000, 0x00000000a1600000|  0%| F|  |TAMS 0x00000000a1500000, 0x00000000a1500000| Untracked 
|   8|0x00000000a1600000, 0x00000000a1600000, 0x00000000a1700000|  0%| F|  |TAMS 0x00000000a1600000, 0x00000000a1600000| Untracked 
|   9|0x00000000a1700000, 0x00000000a1700000, 0x00000000a1800000|  0%| F|  |TAMS 0x00000000a1700000, 0x00000000a1700000| Untracked 
|  10|0x00000000a1800000, 0x00000000a1800000, 0x00000000a1900000|  0%| F|  |TAMS 0x00000000a1800000, 0x00000000a1800000| Untracked 
|  11|0x00000000a1900000, 0x00000000a1900000, 0x00000000a1a00000|  0%| F|  |TAMS 0x00000000a1900000, 0x00000000a1900000| Untracked 
|  12|0x00000000a1a00000, 0x00000000a1a00000, 0x00000000a1b00000|  0%| F|  |TAMS 0x00000000a1a00000, 0x00000000a1a00000| Untracked 
|  13|0x00000000a1b00000, 0x00000000a1b00000, 0x00000000a1c00000|  0%| F|  |TAMS 0x00000000a1b00000, 0x00000000a1b00000| Untracked 
|  14|0x00000000a1c00000, 0x00000000a1c00000, 0x00000000a1d00000|  0%| F|  |TAMS 0x00000000a1c00000, 0x00000000a1c00000| Untracked 
|  15|0x00000000a1d00000, 0x00000000a1d00000, 0x00000000a1e00000|  0%| F|  |TAMS 0x00000000a1d00000, 0x00000000a1d00000| Untracked 
|  16|0x00000000a1e00000, 0x00000000a1e00000, 0x00000000a1f00000|  0%| F|  |TAMS 0x00000000a1e00000, 0x00000000a1e00000| Untracked 
|  17|0x00000000a1f00000, 0x00000000a1f00000, 0x00000000a2000000|  0%| F|  |TAMS 0x00000000a1f00000, 0x00000000a1f00000| Untracked 
|  18|0x00000000a2000000, 0x00000000a2000000, 0x00000000a2100000|  0%| F|  |TAMS 0x00000000a2000000, 0x00000000a2000000| Untracked 
|  19|0x00000000a2100000, 0x00000000a2100000, 0x00000000a2200000|  0%| F|  |TAMS 0x00000000a2100000, 0x00000000a2100000| Untracked 
|  20|0x00000000a2200000, 0x00000000a2200000, 0x00000000a2300000|  0%| F|  |TAMS 0x00000000a2200000, 0x00000000a2200000| Untracked 
|  21|0x00000000a2300000, 0x00000000a2300000, 0x00000000a2400000|  0%| F|  |TAMS 0x00000000a2300000, 0x00000000a2300000| Untracked 
|  22|0x00000000a2400000, 0x00000000a2400000, 0x00000000a2500000|  0%| F|  |TAMS 0x00000000a2400000, 0x00000000a2400000| Untracked 
|  23|0x00000000a2500000, 0x00000000a2500000, 0x00000000a2600000|  0%| F|  |TAMS 0x00000000a2500000, 0x00000000a2500000| Untracked 
|  24|0x00000000a2600000, 0x00000000a2600000, 0x00000000a2700000|  0%| F|  |TAMS 0x00000000a2600000, 0x00000000a2600000| Untracked 
|  25|0x00000000a2700000, 0x00000000a2700000, 0x00000000a2800000|  0%| F|  |TAMS 0x00000000a2700000, 0x00000000a2700000| Untracked 
|  26|0x00000000a2800000, 0x00000000a2800000, 0x00000000a2900000|  0%| F|  |TAMS 0x00000000a2800000, 0x00000000a2800000| Untracked 
|  27|0x00000000a2900000, 0x00000000a2900000, 0x00000000a2a00000|  0%| F|  |TAMS 0x00000000a2900000, 0x00000000a2900000| Untracked 
|  28|0x00000000a2a00000, 0x00000000a2a00000, 0x00000000a2b00000|  0%| F|  |TAMS 0x00000000a2a00000, 0x00000000a2a00000| Untracked 
|  29|0x00000000a2b00000, 0x00000000a2b00000, 0x00000000a2c00000|  0%| F|  |TAMS 0x00000000a2b00000, 0x00000000a2b00000| Untracked 
|  30|0x00000000a2c00000, 0x00000000a2c00000, 0x00000000a2d00000|  0%| F|  |TAMS 0x00000000a2c00000, 0x00000000a2c00000| Untracked 
|  31|0x00000000a2d00000, 0x00000000a2e00000, 0x00000000a2e00000|100%| S|CS|TAMS 0x00000000a2d00000, 0x00000000a2d00000| Complete 
|  32|0x00000000a2e00000, 0x00000000a2f00000, 0x00000000a2f00000|100%| S|CS|TAMS 0x00000000a2e00000, 0x00000000a2e00000| Complete 
|  33|0x00000000a2f00000, 0x00000000a3000000, 0x00000000a3000000|100%| S|CS|TAMS 0x00000000a2f00000, 0x00000000a2f00000| Complete 
|  34|0x00000000a3000000, 0x00000000a3100000, 0x00000000a3100000|100%| S|CS|TAMS 0x00000000a3000000, 0x00000000a3000000| Complete 
|  35|0x00000000a3100000, 0x00000000a3200000, 0x00000000a3200000|100%| S|CS|TAMS 0x00000000a3100000, 0x00000000a3100000| Complete 
|  36|0x00000000a3200000, 0x00000000a3300000, 0x00000000a3300000|100%| S|CS|TAMS 0x00000000a3200000, 0x00000000a3200000| Complete 
|  37|0x00000000a3300000, 0x00000000a3400000, 0x00000000a3400000|100%| S|CS|TAMS 0x00000000a3300000, 0x00000000a3300000| Complete 
|  38|0x00000000a3400000, 0x00000000a3500000, 0x00000000a3500000|100%| S|CS|TAMS 0x00000000a3400000, 0x00000000a3400000| Complete 
|  39|0x00000000a3500000, 0x00000000a3500000, 0x00000000a3600000|  0%| F|  |TAMS 0x00000000a3500000, 0x00000000a3500000| Untracked 
|  40|0x00000000a3600000, 0x00000000a3600000, 0x00000000a3700000|  0%| F|  |TAMS 0x00000000a3600000, 0x00000000a3600000| Untracked 
|  41|0x00000000a3700000, 0x00000000a3700000, 0x00000000a3800000|  0%| F|  |TAMS 0x00000000a3700000, 0x00000000a3700000| Untracked 
|  42|0x00000000a3800000, 0x00000000a3800000, 0x00000000a3900000|  0%| F|  |TAMS 0x00000000a3800000, 0x00000000a3800000| Untracked 
|  43|0x00000000a3900000, 0x00000000a3900000, 0x00000000a3a00000|  0%| F|  |TAMS 0x00000000a3900000, 0x00000000a3900000| Untracked 
|  44|0x00000000a3a00000, 0x00000000a3a00000, 0x00000000a3b00000|  0%| F|  |TAMS 0x00000000a3a00000, 0x00000000a3a00000| Untracked 
|  45|0x00000000a3b00000, 0x00000000a3b00000, 0x00000000a3c00000|  0%| F|  |TAMS 0x00000000a3b00000, 0x00000000a3b00000| Untracked 
|  46|0x00000000a3c00000, 0x00000000a3c00000, 0x00000000a3d00000|  0%| F|  |TAMS 0x00000000a3c00000, 0x00000000a3c00000| Untracked 
|  47|0x00000000a3d00000, 0x00000000a3d7e318, 0x00000000a3e00000| 49%| E|  |TAMS 0x00000000a3d00000, 0x00000000a3d00000| Complete 
|  48|0x00000000a3e00000, 0x00000000a3f00000, 0x00000000a3f00000|100%| E|CS|TAMS 0x00000000a3e00000, 0x00000000a3e00000| Complete 
|  49|0x00000000a3f00000, 0x00000000a4000000, 0x00000000a4000000|100%| E|CS|TAMS 0x00000000a3f00000, 0x00000000a3f00000| Complete 
|  50|0x00000000a4000000, 0x00000000a4100000, 0x00000000a4100000|100%| E|CS|TAMS 0x00000000a4000000, 0x00000000a4000000| Complete 
|  51|0x00000000a4100000, 0x00000000a4200000, 0x00000000a4200000|100%| E|CS|TAMS 0x00000000a4100000, 0x00000000a4100000| Complete 
|  52|0x00000000a4200000, 0x00000000a4300000, 0x00000000a4300000|100%| E|CS|TAMS 0x00000000a4200000, 0x00000000a4200000| Complete 
|  53|0x00000000a4300000, 0x00000000a4400000, 0x00000000a4400000|100%| E|CS|TAMS 0x00000000a4300000, 0x00000000a4300000| Complete 
|  54|0x00000000a4400000, 0x00000000a4500000, 0x00000000a4500000|100%| E|CS|TAMS 0x00000000a4400000, 0x00000000a4400000| Complete 
|  55|0x00000000a4500000, 0x00000000a4600000, 0x00000000a4600000|100%| E|CS|TAMS 0x00000000a4500000, 0x00000000a4500000| Complete 
|  56|0x00000000a4600000, 0x00000000a4700000, 0x00000000a4700000|100%| E|CS|TAMS 0x00000000a4600000, 0x00000000a4600000| Complete 
|  57|0x00000000a4700000, 0x00000000a4800000, 0x00000000a4800000|100%| E|CS|TAMS 0x00000000a4700000, 0x00000000a4700000| Complete 
|  58|0x00000000a4800000, 0x00000000a4900000, 0x00000000a4900000|100%| E|CS|TAMS 0x00000000a4800000, 0x00000000a4800000| Complete 
|  59|0x00000000a4900000, 0x00000000a4a00000, 0x00000000a4a00000|100%| E|CS|TAMS 0x00000000a4900000, 0x00000000a4900000| Complete 
|  60|0x00000000a4a00000, 0x00000000a4b00000, 0x00000000a4b00000|100%| E|CS|TAMS 0x00000000a4a00000, 0x00000000a4a00000| Complete 
|  61|0x00000000a4b00000, 0x00000000a4c00000, 0x00000000a4c00000|100%| E|CS|TAMS 0x00000000a4b00000, 0x00000000a4b00000| Complete 
|  62|0x00000000a4c00000, 0x00000000a4d00000, 0x00000000a4d00000|100%| E|CS|TAMS 0x00000000a4c00000, 0x00000000a4c00000| Complete 
|  63|0x00000000a4d00000, 0x00000000a4e00000, 0x00000000a4e00000|100%| E|CS|TAMS 0x00000000a4d00000, 0x00000000a4d00000| Complete 
|  64|0x00000000a4e00000, 0x00000000a4f00000, 0x00000000a4f00000|100%| E|CS|TAMS 0x00000000a4e00000, 0x00000000a4e00000| Complete 
|  65|0x00000000a4f00000, 0x00000000a5000000, 0x00000000a5000000|100%| E|CS|TAMS 0x00000000a4f00000, 0x00000000a4f00000| Complete 
|  66|0x00000000a5000000, 0x00000000a5100000, 0x00000000a5100000|100%| E|CS|TAMS 0x00000000a5000000, 0x00000000a5000000| Complete 
|  67|0x00000000a5100000, 0x00000000a5200000, 0x00000000a5200000|100%| E|CS|TAMS 0x00000000a5100000, 0x00000000a5100000| Complete 
|  68|0x00000000a5200000, 0x00000000a5300000, 0x00000000a5300000|100%| E|CS|TAMS 0x00000000a5200000, 0x00000000a5200000| Complete 
|  69|0x00000000a5300000, 0x00000000a5400000, 0x00000000a5400000|100%| E|CS|TAMS 0x00000000a5300000, 0x00000000a5300000| Complete 
|  70|0x00000000a5400000, 0x00000000a5500000, 0x00000000a5500000|100%| E|CS|TAMS 0x00000000a5400000, 0x00000000a5400000| Complete 
|  71|0x00000000a5500000, 0x00000000a5600000, 0x00000000a5600000|100%| E|CS|TAMS 0x00000000a5500000, 0x00000000a5500000| Complete 
|  72|0x00000000a5600000, 0x00000000a5700000, 0x00000000a5700000|100%| E|CS|TAMS 0x00000000a5600000, 0x00000000a5600000| Complete 
|  73|0x00000000a5700000, 0x00000000a5800000, 0x00000000a5800000|100%| E|CS|TAMS 0x00000000a5700000, 0x00000000a5700000| Complete 
|  74|0x00000000a5800000, 0x00000000a5900000, 0x00000000a5900000|100%| E|CS|TAMS 0x00000000a5800000, 0x00000000a5800000| Complete 
|  75|0x00000000a5900000, 0x00000000a5a00000, 0x00000000a5a00000|100%| E|CS|TAMS 0x00000000a5900000, 0x00000000a5900000| Complete 
|  76|0x00000000a5a00000, 0x00000000a5b00000, 0x00000000a5b00000|100%| E|CS|TAMS 0x00000000a5a00000, 0x00000000a5a00000| Complete 
|  77|0x00000000a5b00000, 0x00000000a5c00000, 0x00000000a5c00000|100%| E|CS|TAMS 0x00000000a5b00000, 0x00000000a5b00000| Complete 
|  78|0x00000000a5c00000, 0x00000000a5d00000, 0x00000000a5d00000|100%| E|CS|TAMS 0x00000000a5c00000, 0x00000000a5c00000| Complete 
|  79|0x00000000a5d00000, 0x00000000a5e00000, 0x00000000a5e00000|100%| E|CS|TAMS 0x00000000a5d00000, 0x00000000a5d00000| Complete 
|  80|0x00000000a5e00000, 0x00000000a5f00000, 0x00000000a5f00000|100%| E|CS|TAMS 0x00000000a5e00000, 0x00000000a5e00000| Complete 
|  81|0x00000000a5f00000, 0x00000000a6000000, 0x00000000a6000000|100%| E|CS|TAMS 0x00000000a5f00000, 0x00000000a5f00000| Complete 
|  82|0x00000000a6000000, 0x00000000a6100000, 0x00000000a6100000|100%| E|CS|TAMS 0x00000000a6000000, 0x00000000a6000000| Complete 
|  83|0x00000000a6100000, 0x00000000a6200000, 0x00000000a6200000|100%| E|CS|TAMS 0x00000000a6100000, 0x00000000a6100000| Complete 
|  84|0x00000000a6200000, 0x00000000a6300000, 0x00000000a6300000|100%| E|CS|TAMS 0x00000000a6200000, 0x00000000a6200000| Complete 
|  85|0x00000000a6300000, 0x00000000a6400000, 0x00000000a6400000|100%| E|CS|TAMS 0x00000000a6300000, 0x00000000a6300000| Complete 
|  86|0x00000000a6400000, 0x00000000a6500000, 0x00000000a6500000|100%| E|CS|TAMS 0x00000000a6400000, 0x00000000a6400000| Complete 
|  87|0x00000000a6500000, 0x00000000a6600000, 0x00000000a6600000|100%| E|CS|TAMS 0x00000000a6500000, 0x00000000a6500000| Complete 
|  88|0x00000000a6600000, 0x00000000a6700000, 0x00000000a6700000|100%| E|CS|TAMS 0x00000000a6600000, 0x00000000a6600000| Complete 
|  89|0x00000000a6700000, 0x00000000a6800000, 0x00000000a6800000|100%| E|CS|TAMS 0x00000000a6700000, 0x00000000a6700000| Complete 
|  90|0x00000000a6800000, 0x00000000a6900000, 0x00000000a6900000|100%| E|CS|TAMS 0x00000000a6800000, 0x00000000a6800000| Complete 
|  91|0x00000000a6900000, 0x00000000a6a00000, 0x00000000a6a00000|100%| E|CS|TAMS 0x00000000a6900000, 0x00000000a6900000| Complete 
|  92|0x00000000a6a00000, 0x00000000a6b00000, 0x00000000a6b00000|100%| E|CS|TAMS 0x00000000a6a00000, 0x00000000a6a00000| Complete 
|  93|0x00000000a6b00000, 0x00000000a6c00000, 0x00000000a6c00000|100%| E|CS|TAMS 0x00000000a6b00000, 0x00000000a6b00000| Complete 
|  94|0x00000000a6c00000, 0x00000000a6d00000, 0x00000000a6d00000|100%| E|CS|TAMS 0x00000000a6c00000, 0x00000000a6c00000| Complete 
|  95|0x00000000a6d00000, 0x00000000a6e00000, 0x00000000a6e00000|100%| E|CS|TAMS 0x00000000a6d00000, 0x00000000a6d00000| Complete 

Card table byte_map: [0x000001817e7f0000,0x000001817eaf0000] _byte_map_base: 0x000001817e2e9000

Marking Bits (Prev, Next): (CMBitMap*) 0x0000018175e8b330, (CMBitMap*) 0x0000018175e8b2f8
 Prev Bits: [0x00000181107d0000, 0x0000018111f98000)
 Next Bits: [0x000001810f000000, 0x00000181107c8000)

Polling page: 0x0000018173e20000

Metaspace:

Usage:
  Non-class:     27.63 MB capacity,    27.24 MB ( 99%) used,   351.10 KB (  1%) free+waste,    56.06 KB ( <1%) overhead. 
      Class:      3.57 MB capacity,     3.31 MB ( 93%) used,   239.34 KB (  7%) free+waste,    24.13 KB ( <1%) overhead. 
       Both:     31.20 MB capacity,    30.55 MB ( 98%) used,   590.44 KB (  2%) free+waste,    80.19 KB ( <1%) overhead. 

Virtual space:
  Non-class space:       28.00 MB reserved,      27.67 MB ( 99%) committed 
      Class space:        1.00 GB reserved,       3.63 MB ( <1%) committed 
             Both:        1.03 GB reserved,      31.30 MB (  3%) committed 

Chunk freelists:
   Non-Class:  5.00 KB
       Class:  0 bytes
        Both:  5.00 KB

CodeHeap 'non-profiled nmethods': size=120000Kb used=1952Kb max_used=1952Kb free=118047Kb
 bounds [0x0000018107ad0000, 0x0000018107d40000, 0x000001810f000000]
CodeHeap 'profiled nmethods': size=120000Kb used=11135Kb max_used=11135Kb free=108864Kb
 bounds [0x00000181005a0000, 0x0000018101080000, 0x0000018107ad0000]
CodeHeap 'non-nmethods': size=5760Kb used=1121Kb max_used=1171Kb free=4638Kb
 bounds [0x0000018100000000, 0x0000018100270000, 0x00000181005a0000]
 total_blobs=6097 nmethods=4833 adapters=352
 compilation: enabled
              stopped_count=0, restarted_count=0
 full_count=0

Compilation events (10 events):
Event: 3.164 Thread 0x000001817f83e000 4870       2       java.lang.ProcessEnvironment$CheckedEntry::getKey (5 bytes)
Event: 3.164 Thread 0x000001817f83e000 nmethod 4870 0x000001810107d290 code [0x000001810107d440, 0x000001810107d5f0]
Event: 3.164 Thread 0x000001817f83e000 4871       2       java.lang.ProcessEnvironment$CheckedEntry::getKey (13 bytes)
Event: 3.164 Thread 0x000001817f83e000 nmethod 4871 0x000001810107d690 code [0x000001810107d840, 0x000001810107d9f0]
Event: 3.164 Thread 0x000001817f83e000 4872       2       java.lang.ProcessEnvironment$EntryComparator::compare (13 bytes)
Event: 3.164 Thread 0x000001817f83e000 nmethod 4872 0x000001810107da90 code [0x000001810107dc80, 0x000001810107df70]
Event: 3.168 Thread 0x000001817f83e000 4877       2       java.lang.invoke.DirectMethodHandle::preparedLambdaForm (248 bytes)
Event: 3.170 Thread 0x000001817f83e000 nmethod 4877 0x000001810107e110 code [0x000001810107e360, 0x000001810107e880]
Event: 3.170 Thread 0x000001817f83e000 4880       2       java.lang.invoke.InvokerBytecodeGenerator::emitImplicitConversion (159 bytes)
Event: 3.171 Thread 0x000001817f83e000 nmethod 4880 0x000001810107ec90 code [0x000001810107ef20, 0x000001810107f600]

GC Heap History (8 events):
Event: 0.525 GC heap before
{Heap before GC invocations=0 (full 0):
 garbage-first heap   total 98304K, used 23552K [0x00000000a0e00000, 0x0000000100000000)
  region size 1024K, 24 young (24576K), 0 survivors (0K)
 Metaspace       used 12256K, capacity 12470K, committed 12672K, reserved 1060864K
  class space    used 1267K, capacity 1347K, committed 1408K, reserved 1048576K
}
Event: 0.536 GC heap after
{Heap after GC invocations=1 (full 0):
 garbage-first heap   total 98304K, used 3350K [0x00000000a0e00000, 0x0000000100000000)
  region size 1024K, 3 young (3072K), 3 survivors (3072K)
 Metaspace       used 12256K, capacity 12470K, committed 12672K, reserved 1060864K
  class space    used 1267K, capacity 1347K, committed 1408K, reserved 1048576K
}
Event: 1.489 GC heap before
{Heap before GC invocations=1 (full 0):
 garbage-first heap   total 98304K, used 58646K [0x00000000a0e00000, 0x0000000100000000)
  region size 1024K, 57 young (58368K), 3 survivors (3072K)
 Metaspace       used 20124K, capacity 20539K, committed 20864K, reserved 1067008K
  class space    used 2182K, capacity 2315K, committed 2432K, reserved 1048576K
}
Event: 1.501 GC heap after
{Heap after GC invocations=2 (full 0):
 garbage-first heap   total 98304K, used 6866K [0x00000000a0e00000, 0x0000000100000000)
  region size 1024K, 7 young (7168K), 7 survivors (7168K)
 Metaspace       used 20124K, capacity 20539K, committed 20864K, reserved 1067008K
  class space    used 2182K, capacity 2315K, committed 2432K, reserved 1048576K
}
Event: 1.645 GC heap before
{Heap before GC invocations=2 (full 0):
 garbage-first heap   total 98304K, used 15058K [0x00000000a0e00000, 0x0000000100000000)
  region size 1024K, 16 young (16384K), 7 survivors (7168K)
 Metaspace       used 20776K, capacity 21235K, committed 21296K, reserved 1069056K
  class space    used 2259K, capacity 2419K, committed 2432K, reserved 1048576K
}
Event: 1.658 GC heap after
{Heap after GC invocations=3 (full 0):
 garbage-first heap   total 98304K, used 7183K [0x00000000a0e00000, 0x0000000100000000)
  region size 1024K, 4 young (4096K), 4 survivors (4096K)
 Metaspace       used 20776K, capacity 21235K, committed 21296K, reserved 1069056K
  class space    used 2259K, capacity 2419K, committed 2432K, reserved 1048576K
}
Event: 2.590 GC heap before
{Heap before GC invocations=4 (full 0):
 garbage-first heap   total 98304K, used 61455K [0x00000000a0e00000, 0x0000000100000000)
  region size 1024K, 57 young (58368K), 4 survivors (4096K)
 Metaspace       used 29391K, capacity 30014K, committed 30128K, reserved 1075200K
  class space    used 3247K, capacity 3479K, committed 3584K, reserved 1048576K
}
Event: 2.606 GC heap after
{Heap after GC invocations=5 (full 0):
 garbage-first heap   total 98304K, used 14061K [0x00000000a0e00000, 0x0000000100000000)
  region size 1024K, 8 young (8192K), 8 survivors (8192K)
 Metaspace       used 29391K, capacity 30014K, committed 30128K, reserved 1075200K
  class space    used 3247K, capacity 3479K, committed 3584K, reserved 1048576K
}

Deoptimization events (10 events):
Event: 3.016 Thread 0x0000018173d7d800 Uncommon trap: reason=unstable_if action=reinterpret pc=0x0000018107c8a100 method=java.util.regex.Pattern.escape(ZZZ)I @ 8 c2
Event: 3.016 Thread 0x0000018173d7d800 Uncommon trap: reason=unstable_if action=reinterpret pc=0x0000018107c86728 method=java.util.regex.Pattern.atom()Ljava/util/regex/Pattern$Node; @ 294 c2
Event: 3.027 Thread 0x0000018173d7d800 Uncommon trap: reason=class_check action=maybe_recompile pc=0x0000018107baba18 method=java.nio.charset.CharsetDecoder.decode(Ljava/nio/ByteBuffer;Ljava/nio/CharBuffer;Z)Ljava/nio/charset/CoderResult; @ 57 c2
Event: 3.029 Thread 0x0000018173d7d800 Uncommon trap: reason=class_check action=maybe_recompile pc=0x0000018107bbaeb4 method=java.nio.charset.CharsetDecoder.decode(Ljava/nio/ByteBuffer;Ljava/nio/CharBuffer;Z)Ljava/nio/charset/CoderResult; @ 57 c2
Event: 3.058 Thread 0x0000018173d7d800 Uncommon trap: reason=class_check action=maybe_recompile pc=0x0000018107c20468 method=org.apache.maven.model.interpolation.StringSearchModelInterpolator$InterpolateObjectAction$MapField.doInterpolate(Ljava/lang/Object;Lorg/apache/maven/model/interpolation
Event: 3.071 Thread 0x0000018173d7d800 Uncommon trap: reason=class_check action=maybe_recompile pc=0x0000018107c20468 method=org.apache.maven.model.interpolation.StringSearchModelInterpolator$InterpolateObjectAction$MapField.doInterpolate(Ljava/lang/Object;Lorg/apache/maven/model/interpolation
Event: 3.072 Thread 0x0000018173d7d800 Uncommon trap: reason=class_check action=maybe_recompile pc=0x0000018107c20468 method=org.apache.maven.model.interpolation.StringSearchModelInterpolator$InterpolateObjectAction$MapField.doInterpolate(Ljava/lang/Object;Lorg/apache/maven/model/interpolation
Event: 3.072 Thread 0x0000018173d7d800 Uncommon trap: reason=class_check action=maybe_recompile pc=0x0000018107c20468 method=org.apache.maven.model.interpolation.StringSearchModelInterpolator$InterpolateObjectAction$MapField.doInterpolate(Ljava/lang/Object;Lorg/apache/maven/model/interpolation
Event: 3.104 Thread 0x0000018173d7d800 Uncommon trap: reason=unstable_if action=reinterpret pc=0x0000018107c44f14 method=org.eclipse.sisu.plexus.RealmFilteredBeans$FilteredItr.hasNext()Z @ 44 c2
Event: 3.153 Thread 0x0000018173d7d800 Uncommon trap: reason=unstable_if action=reinterpret pc=0x0000018107c77bb8 method=java.lang.StringLatin1.lastIndexOf([BI[BII)I @ 32 c2

Classes redefined (0 events):
No events

Internal exceptions (10 events):
Event: 2.968 Thread 0x0000018173d7d800 Exception <a 'sun/nio/fs/WindowsException'{0x00000000a49764c0}> (0x00000000a49764c0) thrown at [t:/workspace/open/src/hotspot/share/prims/jni.cpp, line 615]
Event: 2.972 Thread 0x0000018173d7d800 Exception <a 'sun/nio/fs/WindowsException'{0x00000000a497b948}> (0x00000000a497b948) thrown at [t:/workspace/open/src/hotspot/share/prims/jni.cpp, line 615]
Event: 2.974 Thread 0x0000018173d7d800 Exception <a 'sun/nio/fs/WindowsException'{0x00000000a497f368}> (0x00000000a497f368) thrown at [t:/workspace/open/src/hotspot/share/prims/jni.cpp, line 615]
Event: 2.999 Thread 0x0000018173d7d800 Exception <a 'sun/nio/fs/WindowsException'{0x00000000a48a1728}> (0x00000000a48a1728) thrown at [t:/workspace/open/src/hotspot/share/prims/jni.cpp, line 615]
Event: 3.166 Thread 0x0000018173d7d800 Exception <a 'java/lang/NoSuchMethodError'{0x00000000a3e617a8}: java.lang.invoke.DirectMethodHandle$Holder.invokeStatic(Ljava/lang/Object;J)V> (0x00000000a3e617a8) thrown at [t:/workspace/open/src/hotspot/share/interpreter/linkResolver.cpp, line 772]
Event: 3.167 Thread 0x0000018173d7d800 Exception <a 'java/lang/NoSuchMethodError'{0x00000000a3e669b8}: java.lang.invoke.DirectMethodHandle$Holder.invokeStatic(Ljava/lang/Object;J)Ljava/lang/Object;> (0x00000000a3e669b8) thrown at [t:/workspace/open/src/hotspot/share/interpreter/linkResolver.cp
Event: 3.167 Thread 0x0000018173d7d800 Exception <a 'java/lang/NoSuchMethodError'{0x00000000a3e6ca90}: java.lang.invoke.Invokers$Holder.linkToTargetMethod(JLjava/lang/Object;)Ljava/lang/Object;> (0x00000000a3e6ca90) thrown at [t:/workspace/open/src/hotspot/share/interpreter/linkResolver.cpp, l
Event: 3.169 Thread 0x0000018173d7d800 Exception <a 'java/lang/NoSuchMethodError'{0x00000000a3e750a8}: java.lang.invoke.DirectMethodHandle$Holder.invokeStaticInit(Ljava/lang/Object;Ljava/lang/Object;JLjava/lang/Object;)Ljava/lang/Object;> (0x00000000a3e750a8) thrown at [t:/workspace/open/src/h
Event: 3.170 Thread 0x0000018173d7d800 Exception <a 'java/lang/NoSuchMethodError'{0x00000000a3e7afc8}: java.lang.invoke.DirectMethodHandle$Holder.invokeStatic(Ljava/lang/Object;Ljava/lang/Object;J)Ljava/lang/Object;> (0x00000000a3e7afc8) thrown at [t:/workspace/open/src/hotspot/share/interpret
Event: 3.171 Thread 0x0000018173d7d800 Exception <a 'java/lang/NoSuchMethodError'{0x00000000a3e81298}: java.lang.invoke.Invokers$Holder.linkToTargetMethod(Ljava/lang/Object;JLjava/lang/Object;)Ljava/lang/Object;> (0x00000000a3e81298) thrown at [t:/workspace/open/src/hotspot/share/interpreter/l

Events (10 events):
Event: 3.173 loading class org/apache/commons/exec/InputStreamPumper done
Event: 3.174 loading class java/io/PipedOutputStream
Event: 3.174 loading class java/io/PipedOutputStream done
Event: 3.174 loading class org/apache/commons/exec/StreamPumper
Event: 3.174 loading class org/apache/commons/exec/StreamPumper done
Event: 3.174 loading class org/apache/commons/exec/StreamPumper
Event: 3.174 loading class org/apache/commons/exec/StreamPumper done
Event: 3.175 Thread 0x0000018116fd8000 Thread added: 0x0000018116fd8000
Event: 3.175 Thread 0x0000018118b15800 Thread added: 0x0000018118b15800
Event: 3.175 Thread 0x0000018118b16800 Thread added: 0x0000018118b16800


Dynamic libraries:
0x00007ff728820000 - 0x00007ff728867000 	D:\ProGram\bin\java.exe
0x00007ffdf75b0000 - 0x00007ffdf779d000 	C:\Windows\SYSTEM32\ntdll.dll
0x00007ffdf4af0000 - 0x00007ffdf4ba3000 	C:\Windows\System32\KERNEL32.DLL
0x00007ffdf3dc0000 - 0x00007ffdf4053000 	C:\Windows\System32\KERNELBASE.dll
0x00007ffdf74d0000 - 0x00007ffdf7573000 	C:\Windows\System32\ADVAPI32.dll
0x00007ffdf6650000 - 0x00007ffdf66ee000 	C:\Windows\System32\msvcrt.dll
0x00007ffdf73d0000 - 0x00007ffdf746e000 	C:\Windows\System32\sechost.dll
0x00007ffdf6df0000 - 0x00007ffdf6f12000 	C:\Windows\System32\RPCRT4.dll
0x00007ffdf68a0000 - 0x00007ffdf6a37000 	C:\Windows\System32\USER32.dll
0x00007ffdf4740000 - 0x00007ffdf4760000 	C:\Windows\System32\win32u.dll
0x00007ffdf73a0000 - 0x00007ffdf73c9000 	C:\Windows\System32\GDI32.dll
0x00007ffdf40f0000 - 0x00007ffdf4289000 	C:\Windows\System32\gdi32full.dll
0x00007ffdf4390000 - 0x00007ffdf4430000 	C:\Windows\System32\msvcp_win.dll
0x00007ffdf4290000 - 0x00007ffdf438a000 	C:\Windows\System32\ucrtbase.dll
0x00007ffdeebe0000 - 0x00007ffdeebea000 	C:\Windows\SYSTEM32\VERSION.dll
0x00007ffdde3b0000 - 0x00007ffdde629000 	C:\Windows\WinSxS\amd64_microsoft.windows.common-controls_6595b64144ccf1df_6.0.17763.1098_none_de762ed45346ee8a\COMCTL32.dll
0x00007ffdf60b0000 - 0x00007ffdf63dc000 	C:\Windows\System32\combase.dll
0x00007ffdf4430000 - 0x00007ffdf44ae000 	C:\Windows\System32\bcryptPrimitives.dll
0x00007ffdf6ce0000 - 0x00007ffdf6d0e000 	C:\Windows\System32\IMM32.DLL
0x00007ffdd0f50000 - 0x00007ffdd0f66000 	D:\ProGram\bin\vcruntime140.dll
0x00007ffdabd60000 - 0x00007ffdabe0a000 	D:\ProGram\bin\msvcp140.dll
0x00007ffdac0a0000 - 0x00007ffdacbc8000 	D:\ProGram\bin\server\jvm.dll
0x00007ffdf6d10000 - 0x00007ffdf6d18000 	C:\Windows\System32\PSAPI.DLL
0x00007ffde5890000 - 0x00007ffde5899000 	C:\Windows\SYSTEM32\WSOCK32.dll
0x00007ffdf11e0000 - 0x00007ffdf1204000 	C:\Windows\SYSTEM32\WINMM.dll
0x00007ffdf65e0000 - 0x00007ffdf664d000 	C:\Windows\System32\WS2_32.dll
0x00007ffdf11b0000 - 0x00007ffdf11dd000 	C:\Windows\SYSTEM32\winmmbase.dll
0x00007ffdf4780000 - 0x00007ffdf47ca000 	C:\Windows\System32\cfgmgr32.dll
0x00007ffdf35a0000 - 0x00007ffdf35b1000 	C:\Windows\System32\kernel.appcore.dll
0x00007ffdbcbd0000 - 0x00007ffdbcbe1000 	D:\ProGram\bin\verify.dll
0x00007ffde4930000 - 0x00007ffde4b1d000 	C:\Windows\SYSTEM32\DBGHELP.DLL
0x00007ffddfd60000 - 0x00007ffddfd8a000 	C:\Windows\SYSTEM32\dbgcore.DLL
0x00007ffdac030000 - 0x00007ffdac059000 	D:\ProGram\bin\java.dll
0x00007ffdac010000 - 0x00007ffdac026000 	D:\ProGram\bin\zip.dll
0x00007ffdce6e0000 - 0x00007ffdce6ea000 	D:\ProGram\bin\jimage.dll
0x00007ffdf4bb0000 - 0x00007ffdf60a4000 	C:\Windows\System32\SHELL32.dll
0x00007ffdf63e0000 - 0x00007ffdf6488000 	C:\Windows\System32\shcore.dll
0x00007ffdf3670000 - 0x00007ffdf3dbd000 	C:\Windows\System32\windows.storage.dll
0x00007ffdf35c0000 - 0x00007ffdf35e4000 	C:\Windows\System32\profapi.dll
0x00007ffdf35f0000 - 0x00007ffdf364d000 	C:\Windows\System32\powrprof.dll
0x00007ffdf7470000 - 0x00007ffdf74c2000 	C:\Windows\System32\shlwapi.dll
0x00007ffdf4760000 - 0x00007ffdf4777000 	C:\Windows\System32\cryptsp.dll
0x00007ffdabff0000 - 0x00007ffdac009000 	D:\ProGram\bin\net.dll
0x00007ffde9870000 - 0x00007ffde9962000 	C:\Windows\SYSTEM32\WINHTTP.dll
0x00007ffdf2db0000 - 0x00007ffdf2e17000 	C:\Windows\system32\mswsock.dll
0x00007ffdabfd0000 - 0x00007ffdabfe3000 	D:\ProGram\bin\nio.dll

dbghelp: loaded successfully - version: 4.0.5 - missing functions: none
symbol engine: initialized successfully - sym options: 0x614 - pdb path: .;D:\ProGram\bin;C:\Windows\SYSTEM32;C:\Windows\WinSxS\amd64_microsoft.windows.common-controls_6595b64144ccf1df_6.0.17763.1098_none_de762ed45346ee8a;D:\ProGram\bin\server

VM Arguments:
jvm_args: -Dclassworlds.conf=D:\ProGram\NetBeans-11.2\netbeans\java\maven\bin\m2.conf -Dmaven.home=D:\ProGram\NetBeans-11.2\netbeans\java\maven -Dmaven.multiModuleProjectDirectory=C:\Users\COMPUTER\Documents\NetBeansProjects\SHOPcoffee 
java_command: org.codehaus.plexus.classworlds.launcher.Launcher -Dexec.args=-classpath %classpath com.mycompany.shopcoffee.Coffee -Dexec.executable=D:\ProGram\bin\java.exe -Dmaven.ext.class.path=D:\ProGram\NetBeans-11.2\netbeans\java\maven-nblib\netbeans-eventspy.jar -Dfile.encoding=UTF-8 process-classes org.codehaus.mojo:exec-maven-plugin:1.5.0:exec
java_class_path (initial): D:\ProGram\NetBeans-11.2\netbeans\java\maven\boot\plexus-classworlds-2.5.2.jar
Launcher Type: SUN_STANDARD

[Global flags]
     intx CICompilerCount                          = 4                                         {product} {ergonomic}
     uint ConcGCThreads                            = 2                                         {product} {ergonomic}
     uint G1ConcRefinementThreads                  = 8                                         {product} {ergonomic}
   size_t G1HeapRegionSize                         = 1048576                                   {product} {ergonomic}
    uintx GCDrainStackTargetSize                   = 64                                        {product} {ergonomic}
   size_t InitialHeapSize                          = 100663296                                 {product} {ergonomic}
   size_t MarkStackSize                            = 4194304                                   {product} {ergonomic}
   size_t MaxHeapSize                              = 1595932672                                {product} {ergonomic}
   size_t MaxNewSize                               = 957349888                                 {product} {ergonomic}
   size_t MinHeapDeltaBytes                        = 1048576                                   {product} {ergonomic}
    uintx NonNMethodCodeHeapSize                   = 5836300                                {pd product} {ergonomic}
    uintx NonProfiledCodeHeapSize                  = 122910970                              {pd product} {ergonomic}
    uintx ProfiledCodeHeapSize                     = 122910970                              {pd product} {ergonomic}
    uintx ReservedCodeCacheSize                    = 251658240                              {pd product} {ergonomic}
     bool SegmentedCodeCache                       = true                                      {product} {ergonomic}
     bool UseCompressedClassPointers               = true                                 {lp64_product} {ergonomic}
     bool UseCompressedOops                        = true                                 {lp64_product} {ergonomic}
     bool UseG1GC                                  = true                                      {product} {ergonomic}
     bool UseLargePagesIndividualAllocation        = false                                  {pd product} {ergonomic}

Logging:
Log output configuration:
 #0: stdout all=warning uptime,level,tags
 #1: stderr all=off uptime,level,tags

Environment Variables:
JAVA_HOME=D:\ProGram
PATH=C:\Windows\system32;C:\Windows;C:\Windows\System32\Wbem;C:\Windows\System32\WindowsPowerShell\v1.0\;C:\Windows\System32\OpenSSH\;C:\Program Files\dotnet\;C:\Program Files\Microsoft SQL Server\130\Tools\Binn\;C:\Users\COMPUTER\AppData\Local\Microsoft\WindowsApps;C:\Users\COMPUTER\AppData\Local\GitHubDesktop\bin;D:\ProGram\IntelliJ IDEA 2019.3.1\bin;;D:\ProGram\IntelliJ IDEA Community Edition 2019.3.1\bin;
USERNAME=COMPUTER
OS=Windows_NT
PROCESSOR_IDENTIFIER=AMD64 Family 23 Model 24 Stepping 1, AuthenticAMD



---------------  S Y S T E M  ---------------

OS: Windows 10 , 64 bit Build 17763 (10.0.17763.475)

CPU:total 8 (initial active 8) (8 cores per cpu, 2 threads per core) family 23 model 24 stepping 1, cmov, cx8, fxsr, mmx, sse, sse2, sse3, ssse3, sse4.1, sse4.2, popcnt, avx, avx2, aes, clmul, mmxext, 3dnowpref, lzcnt, sse4a, ht, tsc, tscinvbit, tscinv, bmi1, bmi2, adx, sha, fma

Memory: 4k page, system-wide physical 6082M (437M free)
TotalPageFile size 24514M (AvailPageFile size 17M)
current process WorkingSet (physical memory assigned to process): 198M, peak: 201M
current process commit charge ("private bytes"): 256M, peak: 261M

vm_info: Java HotSpot(TM) 64-Bit Server VM (11.0.5+10-LTS) for windows-amd64 JRE (11.0.5+10-LTS), built on Oct  6 2019 12:37:14 by "mach5one" with MS VC++ 15.5 (VS2017)

END.
